ERROR - 2024-07-07 20:09:34 --> Error connecting to the database: mysqli_sql_exception: No such file or directory in /Users/thiagooliveira/eadtec/eadtec-cps/DSIII/agenda4/favorite-movies/system/Database/MySQLi/Connection.php:186
Stack trace:
#0 /Users/thiagooliveira/eadtec/eadtec-cps/DSIII/agenda4/favorite-movies/system/Database/MySQLi/Connection.php(186): mysqli->real_connect('localhost', 'root', Object(SensitiveParameterValue), 'db_movies', 3306, '', 0)
#1 /Users/thiagooliveira/eadtec/eadtec-cps/DSIII/agenda4/favorite-movies/system/Database/BaseConnection.php(420): CodeIgniter\Database\MySQLi\Connection->connect(false)
#2 /Users/thiagooliveira/eadtec/eadtec-cps/DSIII/agenda4/favorite-movies/system/Database/BaseConnection.php(603): CodeIgniter\Database\BaseConnection->initialize()
#3 /Users/thiagooliveira/eadtec/eadtec-cps/DSIII/agenda4/favorite-movies/system/Database/BaseConnection.php(1459): CodeIgniter\Database\BaseConnection->query('SHOW TABLES FRO...')
#4 /Users/thiagooliveira/eadtec/eadtec-cps/DSIII/agenda4/favorite-movies/system/Database/BaseConnection.php(1478): CodeIgniter\Database\BaseConnection->listTables()
#5 /Users/thiagooliveira/eadtec/eadtec-cps/DSIII/agenda4/favorite-movies/system/Database/MigrationRunner.php(759): CodeIgniter\Database\BaseConnection->tableExists('migrations')
#6 /Users/thiagooliveira/eadtec/eadtec-cps/DSIII/agenda4/favorite-movies/system/Database/MigrationRunner.php(163): CodeIgniter\Database\MigrationRunner->ensureTable()
#7 /Users/thiagooliveira/eadtec/eadtec-cps/DSIII/agenda4/favorite-movies/system/Commands/Database/Migrate.php(85): CodeIgniter\Database\MigrationRunner->latest(NULL)
#8 /Users/thiagooliveira/eadtec/eadtec-cps/DSIII/agenda4/favorite-movies/system/CLI/Commands.php(70): CodeIgniter\Commands\Database\Migrate->run(Array)
#9 /Users/thiagooliveira/eadtec/eadtec-cps/DSIII/agenda4/favorite-movies/system/CLI/Console.php(48): CodeIgniter\CLI\Commands->run('migrate', Array)
#10 /Users/thiagooliveira/eadtec/eadtec-cps/DSIII/agenda4/favorite-movies/system/Boot.php(338): CodeIgniter\CLI\Console->run()
#11 /Users/thiagooliveira/eadtec/eadtec-cps/DSIII/agenda4/favorite-movies/system/Boot.php(104): CodeIgniter\Boot::runCommand(Object(CodeIgniter\CLI\Console))
#12 /Users/thiagooliveira/eadtec/eadtec-cps/DSIII/agenda4/favorite-movies/spark(84): CodeIgniter\Boot::bootSpark(Object(Config\Paths))
#13 {main}

Next CodeIgniter\Database\Exceptions\DatabaseException: No such file or directory in /Users/thiagooliveira/eadtec/eadtec-cps/DSIII/agenda4/favorite-movies/system/Database/MySQLi/Connection.php:231
Stack trace:
#0 /Users/thiagooliveira/eadtec/eadtec-cps/DSIII/agenda4/favorite-movies/system/Database/BaseConnection.php(420): CodeIgniter\Database\MySQLi\Connection->connect(false)
#1 /Users/thiagooliveira/eadtec/eadtec-cps/DSIII/agenda4/favorite-movies/system/Database/BaseConnection.php(603): CodeIgniter\Database\BaseConnection->initialize()
#2 /Users/thiagooliveira/eadtec/eadtec-cps/DSIII/agenda4/favorite-movies/system/Database/BaseConnection.php(1459): CodeIgniter\Database\BaseConnection->query('SHOW TABLES FRO...')
#3 /Users/thiagooliveira/eadtec/eadtec-cps/DSIII/agenda4/favorite-movies/system/Database/BaseConnection.php(1478): CodeIgniter\Database\BaseConnection->listTables()
#4 /Users/thiagooliveira/eadtec/eadtec-cps/DSIII/agenda4/favorite-movies/system/Database/MigrationRunner.php(759): CodeIgniter\Database\BaseConnection->tableExists('migrations')
#5 /Users/thiagooliveira/eadtec/eadtec-cps/DSIII/agenda4/favorite-movies/system/Database/MigrationRunner.php(163): CodeIgniter\Database\MigrationRunner->ensureTable()
#6 /Users/thiagooliveira/eadtec/eadtec-cps/DSIII/agenda4/favorite-movies/system/Commands/Database/Migrate.php(85): CodeIgniter\Database\MigrationRunner->latest(NULL)
#7 /Users/thiagooliveira/eadtec/eadtec-cps/DSIII/agenda4/favorite-movies/system/CLI/Commands.php(70): CodeIgniter\Commands\Database\Migrate->run(Array)
#8 /Users/thiagooliveira/eadtec/eadtec-cps/DSIII/agenda4/favorite-movies/system/CLI/Console.php(48): CodeIgniter\CLI\Commands->run('migrate', Array)
#9 /Users/thiagooliveira/eadtec/eadtec-cps/DSIII/agenda4/favorite-movies/system/Boot.php(338): CodeIgniter\CLI\Console->run()
#10 /Users/thiagooliveira/eadtec/eadtec-cps/DSIII/agenda4/favorite-movies/system/Boot.php(104): CodeIgniter\Boot::runCommand(Object(CodeIgniter\CLI\Console))
#11 /Users/thiagooliveira/eadtec/eadtec-cps/DSIII/agenda4/favorite-movies/spark(84): CodeIgniter\Boot::bootSpark(Object(Config\Paths))
#12 {main}
ERROR - 2024-07-07 20:38:51 --> mysqli_sql_exception: Unknown column 'created_at' in 'field list' in /Users/thiagooliveira/eadtec/eadtec-cps/DSIII/agenda4/favorite-movies/system/Database/MySQLi/Connection.php:308
Stack trace:
#0 /Users/thiagooliveira/eadtec/eadtec-cps/DSIII/agenda4/favorite-movies/system/Database/MySQLi/Connection.php(308): mysqli->query('INSERT INTO `fi...', 0)
#1 /Users/thiagooliveira/eadtec/eadtec-cps/DSIII/agenda4/favorite-movies/system/Database/BaseConnection.php(721): CodeIgniter\Database\MySQLi\Connection->execute('INSERT INTO `fi...')
#2 /Users/thiagooliveira/eadtec/eadtec-cps/DSIII/agenda4/favorite-movies/system/Database/BaseConnection.php(635): CodeIgniter\Database\BaseConnection->simpleQuery('INSERT INTO `fi...')
#3 /Users/thiagooliveira/eadtec/eadtec-cps/DSIII/agenda4/favorite-movies/system/Database/BaseBuilder.php(1821): CodeIgniter\Database\BaseConnection->query('INSERT INTO `fi...', NULL, false)
#4 /Users/thiagooliveira/eadtec/eadtec-cps/DSIII/agenda4/favorite-movies/system/Database/BaseBuilder.php(2210): CodeIgniter\Database\BaseBuilder->batchExecute('_insertBatch', 100)
#5 /Users/thiagooliveira/eadtec/eadtec-cps/DSIII/agenda4/favorite-movies/system/Model.php(416): CodeIgniter\Database\BaseBuilder->insertBatch(Array, NULL, 100)
#6 /Users/thiagooliveira/eadtec/eadtec-cps/DSIII/agenda4/favorite-movies/system/BaseModel.php(957): CodeIgniter\Model->doInsertBatch(Array, NULL, 100, false)
#7 /Users/thiagooliveira/eadtec/eadtec-cps/DSIII/agenda4/favorite-movies/app/Controllers/Filmes.php(62): CodeIgniter\BaseModel->insertBatch(Array)
#8 /Users/thiagooliveira/eadtec/eadtec-cps/DSIII/agenda4/favorite-movies/system/CodeIgniter.php(933): App\Controllers\Filmes->index()
#9 /Users/thiagooliveira/eadtec/eadtec-cps/DSIII/agenda4/favorite-movies/system/CodeIgniter.php(509): CodeIgniter\CodeIgniter->runController(Object(App\Controllers\Filmes))
#10 /Users/thiagooliveira/eadtec/eadtec-cps/DSIII/agenda4/favorite-movies/system/CodeIgniter.php(355): CodeIgniter\CodeIgniter->handleRequest(NULL, Object(Config\Cache), false)
#11 /Users/thiagooliveira/eadtec/eadtec-cps/DSIII/agenda4/favorite-movies/system/Boot.php(312): CodeIgniter\CodeIgniter->run()
#12 /Users/thiagooliveira/eadtec/eadtec-cps/DSIII/agenda4/favorite-movies/system/Boot.php(67): CodeIgniter\Boot::runCodeIgniter(Object(CodeIgniter\CodeIgniter))
#13 /Users/thiagooliveira/eadtec/eadtec-cps/DSIII/agenda4/favorite-movies/public/index.php(56): CodeIgniter\Boot::bootWeb(Object(Config\Paths))
#14 /Users/thiagooliveira/eadtec/eadtec-cps/DSIII/agenda4/favorite-movies/system/Commands/Server/rewrite.php(49): require_once('/Users/thiagool...')
#15 {main}
CRITICAL - 2024-07-07 20:38:51 --> CodeIgniter\Database\Exceptions\DatabaseException: Unknown column 'created_at' in 'field list'
[Method: GET, Route: filmes/]
in SYSTEMPATH/Database/BaseConnection.php on line 675.
 1 SYSTEMPATH/Database/BaseBuilder.php(1821): CodeIgniter\Database\BaseConnection->query('INSERT INTO `films` (`created_at`, `description`, `title`, `updated_at`)
VALUES (\'2024-07-07 20:38:51\',\'Descrição do filme.\',\'Um sonho de liberdade\',\'2024-07-07 20:38:51\'), (\'2024-07-07 20:38:51\',\'Descrição do filme.\',\'Exterminador do Futuro 2\',\'2024-07-07 20:38:51\')', null, false)
 2 SYSTEMPATH/Database/BaseBuilder.php(2210): CodeIgniter\Database\BaseBuilder->batchExecute('_insertBatch', 100)
 3 SYSTEMPATH/Model.php(416): CodeIgniter\Database\BaseBuilder->insertBatch([...], null, 100)
 4 SYSTEMPATH/BaseModel.php(957): CodeIgniter\Model->doInsertBatch([...], null, 100, false)
 5 APPPATH/Controllers/Filmes.php(62): CodeIgniter\BaseModel->insertBatch([...])
 6 SYSTEMPATH/CodeIgniter.php(933): App\Controllers\Filmes->index()
 7 SYSTEMPATH/CodeIgniter.php(509): CodeIgniter\CodeIgniter->runController(Object(App\Controllers\Filmes))
 8 SYSTEMPATH/CodeIgniter.php(355): CodeIgniter\CodeIgniter->handleRequest(null, Object(Config\Cache), false)
 9 SYSTEMPATH/Boot.php(312): CodeIgniter\CodeIgniter->run()
10 SYSTEMPATH/Boot.php(67): CodeIgniter\Boot::runCodeIgniter(Object(CodeIgniter\CodeIgniter))
11 FCPATH/index.php(56): CodeIgniter\Boot::bootWeb(Object(Config\Paths))
12 SYSTEMPATH/Commands/Server/rewrite.php(49): require_once('/Users/thiagooliveira/eadtec/eadtec-cps/DSIII/agenda4/favorite-movies/public/index.php')
CRITICAL - 2024-07-07 20:38:51 --> [Caused by] CodeIgniter\Database\Exceptions\DatabaseException: Unknown column 'created_at' in 'field list'
in SYSTEMPATH/Database/MySQLi/Connection.php on line 313.
 1 SYSTEMPATH/Database/BaseConnection.php(721): CodeIgniter\Database\MySQLi\Connection->execute('INSERT INTO `films` (`created_at`, `description`, `title`, `updated_at`)
VALUES (\'2024-07-07 20:38:51\',\'Descrição do filme.\',\'Um sonho de liberdade\',\'2024-07-07 20:38:51\'), (\'2024-07-07 20:38:51\',\'Descrição do filme.\',\'Exterminador do Futuro 2\',\'2024-07-07 20:38:51\')')
 2 SYSTEMPATH/Database/BaseConnection.php(635): CodeIgniter\Database\BaseConnection->simpleQuery('INSERT INTO `films` (`created_at`, `description`, `title`, `updated_at`)
VALUES (\'2024-07-07 20:38:51\',\'Descrição do filme.\',\'Um sonho de liberdade\',\'2024-07-07 20:38:51\'), (\'2024-07-07 20:38:51\',\'Descrição do filme.\',\'Exterminador do Futuro 2\',\'2024-07-07 20:38:51\')')
 3 SYSTEMPATH/Database/BaseBuilder.php(1821): CodeIgniter\Database\BaseConnection->query('INSERT INTO `films` (`created_at`, `description`, `title`, `updated_at`)
VALUES (\'2024-07-07 20:38:51\',\'Descrição do filme.\',\'Um sonho de liberdade\',\'2024-07-07 20:38:51\'), (\'2024-07-07 20:38:51\',\'Descrição do filme.\',\'Exterminador do Futuro 2\',\'2024-07-07 20:38:51\')', null, false)
 4 SYSTEMPATH/Database/BaseBuilder.php(2210): CodeIgniter\Database\BaseBuilder->batchExecute('_insertBatch', 100)
 5 SYSTEMPATH/Model.php(416): CodeIgniter\Database\BaseBuilder->insertBatch([...], null, 100)
 6 SYSTEMPATH/BaseModel.php(957): CodeIgniter\Model->doInsertBatch([...], null, 100, false)
 7 APPPATH/Controllers/Filmes.php(62): CodeIgniter\BaseModel->insertBatch([...])
 8 SYSTEMPATH/CodeIgniter.php(933): App\Controllers\Filmes->index()
 9 SYSTEMPATH/CodeIgniter.php(509): CodeIgniter\CodeIgniter->runController(Object(App\Controllers\Filmes))
10 SYSTEMPATH/CodeIgniter.php(355): CodeIgniter\CodeIgniter->handleRequest(null, Object(Config\Cache), false)
11 SYSTEMPATH/Boot.php(312): CodeIgniter\CodeIgniter->run()
12 SYSTEMPATH/Boot.php(67): CodeIgniter\Boot::runCodeIgniter(Object(CodeIgniter\CodeIgniter))
13 FCPATH/index.php(56): CodeIgniter\Boot::bootWeb(Object(Config\Paths))
14 SYSTEMPATH/Commands/Server/rewrite.php(49): require_once('/Users/thiagooliveira/eadtec/eadtec-cps/DSIII/agenda4/favorite-movies/public/index.php')
CRITICAL - 2024-07-07 20:38:51 --> [Caused by] mysqli_sql_exception: Unknown column 'created_at' in 'field list'
in SYSTEMPATH/Database/MySQLi/Connection.php on line 308.
 1 SYSTEMPATH/Database/MySQLi/Connection.php(308): mysqli->query('INSERT INTO `films` (`created_at`, `description`, `title`, `updated_at`)
VALUES (\'2024-07-07 20:38:51\',\'Descrição do filme.\',\'Um sonho de liberdade\',\'2024-07-07 20:38:51\'), (\'2024-07-07 20:38:51\',\'Descrição do filme.\',\'Exterminador do Futuro 2\',\'2024-07-07 20:38:51\')', 0)
 2 SYSTEMPATH/Database/BaseConnection.php(721): CodeIgniter\Database\MySQLi\Connection->execute('INSERT INTO `films` (`created_at`, `description`, `title`, `updated_at`)
VALUES (\'2024-07-07 20:38:51\',\'Descrição do filme.\',\'Um sonho de liberdade\',\'2024-07-07 20:38:51\'), (\'2024-07-07 20:38:51\',\'Descrição do filme.\',\'Exterminador do Futuro 2\',\'2024-07-07 20:38:51\')')
 3 SYSTEMPATH/Database/BaseConnection.php(635): CodeIgniter\Database\BaseConnection->simpleQuery('INSERT INTO `films` (`created_at`, `description`, `title`, `updated_at`)
VALUES (\'2024-07-07 20:38:51\',\'Descrição do filme.\',\'Um sonho de liberdade\',\'2024-07-07 20:38:51\'), (\'2024-07-07 20:38:51\',\'Descrição do filme.\',\'Exterminador do Futuro 2\',\'2024-07-07 20:38:51\')')
 4 SYSTEMPATH/Database/BaseBuilder.php(1821): CodeIgniter\Database\BaseConnection->query('INSERT INTO `films` (`created_at`, `description`, `title`, `updated_at`)
VALUES (\'2024-07-07 20:38:51\',\'Descrição do filme.\',\'Um sonho de liberdade\',\'2024-07-07 20:38:51\'), (\'2024-07-07 20:38:51\',\'Descrição do filme.\',\'Exterminador do Futuro 2\',\'2024-07-07 20:38:51\')', null, false)
 5 SYSTEMPATH/Database/BaseBuilder.php(2210): CodeIgniter\Database\BaseBuilder->batchExecute('_insertBatch', 100)
 6 SYSTEMPATH/Model.php(416): CodeIgniter\Database\BaseBuilder->insertBatch([...], null, 100)
 7 SYSTEMPATH/BaseModel.php(957): CodeIgniter\Model->doInsertBatch([...], null, 100, false)
 8 APPPATH/Controllers/Filmes.php(62): CodeIgniter\BaseModel->insertBatch([...])
 9 SYSTEMPATH/CodeIgniter.php(933): App\Controllers\Filmes->index()
10 SYSTEMPATH/CodeIgniter.php(509): CodeIgniter\CodeIgniter->runController(Object(App\Controllers\Filmes))
11 SYSTEMPATH/CodeIgniter.php(355): CodeIgniter\CodeIgniter->handleRequest(null, Object(Config\Cache), false)
12 SYSTEMPATH/Boot.php(312): CodeIgniter\CodeIgniter->run()
13 SYSTEMPATH/Boot.php(67): CodeIgniter\Boot::runCodeIgniter(Object(CodeIgniter\CodeIgniter))
14 FCPATH/index.php(56): CodeIgniter\Boot::bootWeb(Object(Config\Paths))
15 SYSTEMPATH/Commands/Server/rewrite.php(49): require_once('/Users/thiagooliveira/eadtec/eadtec-cps/DSIII/agenda4/favorite-movies/public/index.php')
ERROR - 2024-07-07 20:51:02 --> mysqli_sql_exception: Unknown column 'created_at' in 'field list' in /Users/thiagooliveira/eadtec/eadtec-cps/DSIII/agenda4/favorite-movies/system/Database/MySQLi/Connection.php:308
Stack trace:
#0 /Users/thiagooliveira/eadtec/eadtec-cps/DSIII/agenda4/favorite-movies/system/Database/MySQLi/Connection.php(308): mysqli->query('INSERT INTO `fi...', 0)
#1 /Users/thiagooliveira/eadtec/eadtec-cps/DSIII/agenda4/favorite-movies/system/Database/BaseConnection.php(721): CodeIgniter\Database\MySQLi\Connection->execute('INSERT INTO `fi...')
#2 /Users/thiagooliveira/eadtec/eadtec-cps/DSIII/agenda4/favorite-movies/system/Database/BaseConnection.php(635): CodeIgniter\Database\BaseConnection->simpleQuery('INSERT INTO `fi...')
#3 /Users/thiagooliveira/eadtec/eadtec-cps/DSIII/agenda4/favorite-movies/system/Database/BaseBuilder.php(1821): CodeIgniter\Database\BaseConnection->query('INSERT INTO `fi...', NULL, false)
#4 /Users/thiagooliveira/eadtec/eadtec-cps/DSIII/agenda4/favorite-movies/system/Database/BaseBuilder.php(2210): CodeIgniter\Database\BaseBuilder->batchExecute('_insertBatch', 100)
#5 /Users/thiagooliveira/eadtec/eadtec-cps/DSIII/agenda4/favorite-movies/system/Model.php(416): CodeIgniter\Database\BaseBuilder->insertBatch(Array, NULL, 100)
#6 /Users/thiagooliveira/eadtec/eadtec-cps/DSIII/agenda4/favorite-movies/system/BaseModel.php(957): CodeIgniter\Model->doInsertBatch(Array, NULL, 100, false)
#7 /Users/thiagooliveira/eadtec/eadtec-cps/DSIII/agenda4/favorite-movies/app/Controllers/Filmes.php(62): CodeIgniter\BaseModel->insertBatch(Array)
#8 /Users/thiagooliveira/eadtec/eadtec-cps/DSIII/agenda4/favorite-movies/system/CodeIgniter.php(933): App\Controllers\Filmes->index()
#9 /Users/thiagooliveira/eadtec/eadtec-cps/DSIII/agenda4/favorite-movies/system/CodeIgniter.php(509): CodeIgniter\CodeIgniter->runController(Object(App\Controllers\Filmes))
#10 /Users/thiagooliveira/eadtec/eadtec-cps/DSIII/agenda4/favorite-movies/system/CodeIgniter.php(355): CodeIgniter\CodeIgniter->handleRequest(NULL, Object(Config\Cache), false)
#11 /Users/thiagooliveira/eadtec/eadtec-cps/DSIII/agenda4/favorite-movies/system/Boot.php(312): CodeIgniter\CodeIgniter->run()
#12 /Users/thiagooliveira/eadtec/eadtec-cps/DSIII/agenda4/favorite-movies/system/Boot.php(67): CodeIgniter\Boot::runCodeIgniter(Object(CodeIgniter\CodeIgniter))
#13 /Users/thiagooliveira/eadtec/eadtec-cps/DSIII/agenda4/favorite-movies/public/index.php(56): CodeIgniter\Boot::bootWeb(Object(Config\Paths))
#14 /Users/thiagooliveira/eadtec/eadtec-cps/DSIII/agenda4/favorite-movies/system/Commands/Server/rewrite.php(49): require_once('/Users/thiagool...')
#15 {main}
CRITICAL - 2024-07-07 20:51:02 --> CodeIgniter\Database\Exceptions\DatabaseException: Unknown column 'created_at' in 'field list'
[Method: GET, Route: /]
in SYSTEMPATH/Database/BaseConnection.php on line 675.
 1 SYSTEMPATH/Database/BaseBuilder.php(1821): CodeIgniter\Database\BaseConnection->query('INSERT INTO `films` (`created_at`, `releaseYear`, `updated_at`)
VALUES (\'2024-07-07 20:51:02\',1994,\'2024-07-07 20:51:02\'), (\'2024-07-07 20:51:02\',1991,\'2024-07-07 20:51:02\')', null, false)
 2 SYSTEMPATH/Database/BaseBuilder.php(2210): CodeIgniter\Database\BaseBuilder->batchExecute('_insertBatch', 100)
 3 SYSTEMPATH/Model.php(416): CodeIgniter\Database\BaseBuilder->insertBatch([...], null, 100)
 4 SYSTEMPATH/BaseModel.php(957): CodeIgniter\Model->doInsertBatch([...], null, 100, false)
 5 APPPATH/Controllers/Filmes.php(62): CodeIgniter\BaseModel->insertBatch([...])
 6 SYSTEMPATH/CodeIgniter.php(933): App\Controllers\Filmes->index()
 7 SYSTEMPATH/CodeIgniter.php(509): CodeIgniter\CodeIgniter->runController(Object(App\Controllers\Filmes))
 8 SYSTEMPATH/CodeIgniter.php(355): CodeIgniter\CodeIgniter->handleRequest(null, Object(Config\Cache), false)
 9 SYSTEMPATH/Boot.php(312): CodeIgniter\CodeIgniter->run()
10 SYSTEMPATH/Boot.php(67): CodeIgniter\Boot::runCodeIgniter(Object(CodeIgniter\CodeIgniter))
11 FCPATH/index.php(56): CodeIgniter\Boot::bootWeb(Object(Config\Paths))
12 SYSTEMPATH/Commands/Server/rewrite.php(49): require_once('/Users/thiagooliveira/eadtec/eadtec-cps/DSIII/agenda4/favorite-movies/public/index.php')
CRITICAL - 2024-07-07 20:51:02 --> [Caused by] CodeIgniter\Database\Exceptions\DatabaseException: Unknown column 'created_at' in 'field list'
in SYSTEMPATH/Database/MySQLi/Connection.php on line 313.
 1 SYSTEMPATH/Database/BaseConnection.php(721): CodeIgniter\Database\MySQLi\Connection->execute('INSERT INTO `films` (`created_at`, `releaseYear`, `updated_at`)
VALUES (\'2024-07-07 20:51:02\',1994,\'2024-07-07 20:51:02\'), (\'2024-07-07 20:51:02\',1991,\'2024-07-07 20:51:02\')')
 2 SYSTEMPATH/Database/BaseConnection.php(635): CodeIgniter\Database\BaseConnection->simpleQuery('INSERT INTO `films` (`created_at`, `releaseYear`, `updated_at`)
VALUES (\'2024-07-07 20:51:02\',1994,\'2024-07-07 20:51:02\'), (\'2024-07-07 20:51:02\',1991,\'2024-07-07 20:51:02\')')
 3 SYSTEMPATH/Database/BaseBuilder.php(1821): CodeIgniter\Database\BaseConnection->query('INSERT INTO `films` (`created_at`, `releaseYear`, `updated_at`)
VALUES (\'2024-07-07 20:51:02\',1994,\'2024-07-07 20:51:02\'), (\'2024-07-07 20:51:02\',1991,\'2024-07-07 20:51:02\')', null, false)
 4 SYSTEMPATH/Database/BaseBuilder.php(2210): CodeIgniter\Database\BaseBuilder->batchExecute('_insertBatch', 100)
 5 SYSTEMPATH/Model.php(416): CodeIgniter\Database\BaseBuilder->insertBatch([...], null, 100)
 6 SYSTEMPATH/BaseModel.php(957): CodeIgniter\Model->doInsertBatch([...], null, 100, false)
 7 APPPATH/Controllers/Filmes.php(62): CodeIgniter\BaseModel->insertBatch([...])
 8 SYSTEMPATH/CodeIgniter.php(933): App\Controllers\Filmes->index()
 9 SYSTEMPATH/CodeIgniter.php(509): CodeIgniter\CodeIgniter->runController(Object(App\Controllers\Filmes))
10 SYSTEMPATH/CodeIgniter.php(355): CodeIgniter\CodeIgniter->handleRequest(null, Object(Config\Cache), false)
11 SYSTEMPATH/Boot.php(312): CodeIgniter\CodeIgniter->run()
12 SYSTEMPATH/Boot.php(67): CodeIgniter\Boot::runCodeIgniter(Object(CodeIgniter\CodeIgniter))
13 FCPATH/index.php(56): CodeIgniter\Boot::bootWeb(Object(Config\Paths))
14 SYSTEMPATH/Commands/Server/rewrite.php(49): require_once('/Users/thiagooliveira/eadtec/eadtec-cps/DSIII/agenda4/favorite-movies/public/index.php')
CRITICAL - 2024-07-07 20:51:02 --> [Caused by] mysqli_sql_exception: Unknown column 'created_at' in 'field list'
in SYSTEMPATH/Database/MySQLi/Connection.php on line 308.
 1 SYSTEMPATH/Database/MySQLi/Connection.php(308): mysqli->query('INSERT INTO `films` (`created_at`, `releaseYear`, `updated_at`)
VALUES (\'2024-07-07 20:51:02\',1994,\'2024-07-07 20:51:02\'), (\'2024-07-07 20:51:02\',1991,\'2024-07-07 20:51:02\')', 0)
 2 SYSTEMPATH/Database/BaseConnection.php(721): CodeIgniter\Database\MySQLi\Connection->execute('INSERT INTO `films` (`created_at`, `releaseYear`, `updated_at`)
VALUES (\'2024-07-07 20:51:02\',1994,\'2024-07-07 20:51:02\'), (\'2024-07-07 20:51:02\',1991,\'2024-07-07 20:51:02\')')
 3 SYSTEMPATH/Database/BaseConnection.php(635): CodeIgniter\Database\BaseConnection->simpleQuery('INSERT INTO `films` (`created_at`, `releaseYear`, `updated_at`)
VALUES (\'2024-07-07 20:51:02\',1994,\'2024-07-07 20:51:02\'), (\'2024-07-07 20:51:02\',1991,\'2024-07-07 20:51:02\')')
 4 SYSTEMPATH/Database/BaseBuilder.php(1821): CodeIgniter\Database\BaseConnection->query('INSERT INTO `films` (`created_at`, `releaseYear`, `updated_at`)
VALUES (\'2024-07-07 20:51:02\',1994,\'2024-07-07 20:51:02\'), (\'2024-07-07 20:51:02\',1991,\'2024-07-07 20:51:02\')', null, false)
 5 SYSTEMPATH/Database/BaseBuilder.php(2210): CodeIgniter\Database\BaseBuilder->batchExecute('_insertBatch', 100)
 6 SYSTEMPATH/Model.php(416): CodeIgniter\Database\BaseBuilder->insertBatch([...], null, 100)
 7 SYSTEMPATH/BaseModel.php(957): CodeIgniter\Model->doInsertBatch([...], null, 100, false)
 8 APPPATH/Controllers/Filmes.php(62): CodeIgniter\BaseModel->insertBatch([...])
 9 SYSTEMPATH/CodeIgniter.php(933): App\Controllers\Filmes->index()
10 SYSTEMPATH/CodeIgniter.php(509): CodeIgniter\CodeIgniter->runController(Object(App\Controllers\Filmes))
11 SYSTEMPATH/CodeIgniter.php(355): CodeIgniter\CodeIgniter->handleRequest(null, Object(Config\Cache), false)
12 SYSTEMPATH/Boot.php(312): CodeIgniter\CodeIgniter->run()
13 SYSTEMPATH/Boot.php(67): CodeIgniter\Boot::runCodeIgniter(Object(CodeIgniter\CodeIgniter))
14 FCPATH/index.php(56): CodeIgniter\Boot::bootWeb(Object(Config\Paths))
15 SYSTEMPATH/Commands/Server/rewrite.php(49): require_once('/Users/thiagooliveira/eadtec/eadtec-cps/DSIII/agenda4/favorite-movies/public/index.php')
ERROR - 2024-07-07 20:53:42 --> mysqli_sql_exception: Unknown column 'releaseYear' in 'field list' in /Users/thiagooliveira/eadtec/eadtec-cps/DSIII/agenda4/favorite-movies/system/Database/MySQLi/Connection.php:308
Stack trace:
#0 /Users/thiagooliveira/eadtec/eadtec-cps/DSIII/agenda4/favorite-movies/system/Database/MySQLi/Connection.php(308): mysqli->query('INSERT INTO `fi...', 0)
#1 /Users/thiagooliveira/eadtec/eadtec-cps/DSIII/agenda4/favorite-movies/system/Database/BaseConnection.php(721): CodeIgniter\Database\MySQLi\Connection->execute('INSERT INTO `fi...')
#2 /Users/thiagooliveira/eadtec/eadtec-cps/DSIII/agenda4/favorite-movies/system/Database/BaseConnection.php(635): CodeIgniter\Database\BaseConnection->simpleQuery('INSERT INTO `fi...')
#3 /Users/thiagooliveira/eadtec/eadtec-cps/DSIII/agenda4/favorite-movies/system/Database/BaseBuilder.php(1821): CodeIgniter\Database\BaseConnection->query('INSERT INTO `fi...', NULL, false)
#4 /Users/thiagooliveira/eadtec/eadtec-cps/DSIII/agenda4/favorite-movies/system/Database/BaseBuilder.php(2210): CodeIgniter\Database\BaseBuilder->batchExecute('_insertBatch', 100)
#5 /Users/thiagooliveira/eadtec/eadtec-cps/DSIII/agenda4/favorite-movies/system/Model.php(416): CodeIgniter\Database\BaseBuilder->insertBatch(Array, NULL, 100)
#6 /Users/thiagooliveira/eadtec/eadtec-cps/DSIII/agenda4/favorite-movies/system/BaseModel.php(957): CodeIgniter\Model->doInsertBatch(Array, NULL, 100, false)
#7 /Users/thiagooliveira/eadtec/eadtec-cps/DSIII/agenda4/favorite-movies/app/Controllers/Filmes.php(62): CodeIgniter\BaseModel->insertBatch(Array)
#8 /Users/thiagooliveira/eadtec/eadtec-cps/DSIII/agenda4/favorite-movies/system/CodeIgniter.php(933): App\Controllers\Filmes->index()
#9 /Users/thiagooliveira/eadtec/eadtec-cps/DSIII/agenda4/favorite-movies/system/CodeIgniter.php(509): CodeIgniter\CodeIgniter->runController(Object(App\Controllers\Filmes))
#10 /Users/thiagooliveira/eadtec/eadtec-cps/DSIII/agenda4/favorite-movies/system/CodeIgniter.php(355): CodeIgniter\CodeIgniter->handleRequest(NULL, Object(Config\Cache), false)
#11 /Users/thiagooliveira/eadtec/eadtec-cps/DSIII/agenda4/favorite-movies/system/Boot.php(312): CodeIgniter\CodeIgniter->run()
#12 /Users/thiagooliveira/eadtec/eadtec-cps/DSIII/agenda4/favorite-movies/system/Boot.php(67): CodeIgniter\Boot::runCodeIgniter(Object(CodeIgniter\CodeIgniter))
#13 /Users/thiagooliveira/eadtec/eadtec-cps/DSIII/agenda4/favorite-movies/public/index.php(56): CodeIgniter\Boot::bootWeb(Object(Config\Paths))
#14 /Users/thiagooliveira/eadtec/eadtec-cps/DSIII/agenda4/favorite-movies/system/Commands/Server/rewrite.php(49): require_once('/Users/thiagool...')
#15 {main}
CRITICAL - 2024-07-07 20:53:42 --> CodeIgniter\Database\Exceptions\DatabaseException: Unknown column 'releaseYear' in 'field list'
[Method: GET, Route: /]
in SYSTEMPATH/Database/BaseConnection.php on line 675.
 1 SYSTEMPATH/Database/BaseBuilder.php(1821): CodeIgniter\Database\BaseConnection->query('INSERT INTO `films` (`releaseYear`)
VALUES (1994), (1991)', null, false)
 2 SYSTEMPATH/Database/BaseBuilder.php(2210): CodeIgniter\Database\BaseBuilder->batchExecute('_insertBatch', 100)
 3 SYSTEMPATH/Model.php(416): CodeIgniter\Database\BaseBuilder->insertBatch([...], null, 100)
 4 SYSTEMPATH/BaseModel.php(957): CodeIgniter\Model->doInsertBatch([...], null, 100, false)
 5 APPPATH/Controllers/Filmes.php(62): CodeIgniter\BaseModel->insertBatch([...])
 6 SYSTEMPATH/CodeIgniter.php(933): App\Controllers\Filmes->index()
 7 SYSTEMPATH/CodeIgniter.php(509): CodeIgniter\CodeIgniter->runController(Object(App\Controllers\Filmes))
 8 SYSTEMPATH/CodeIgniter.php(355): CodeIgniter\CodeIgniter->handleRequest(null, Object(Config\Cache), false)
 9 SYSTEMPATH/Boot.php(312): CodeIgniter\CodeIgniter->run()
10 SYSTEMPATH/Boot.php(67): CodeIgniter\Boot::runCodeIgniter(Object(CodeIgniter\CodeIgniter))
11 FCPATH/index.php(56): CodeIgniter\Boot::bootWeb(Object(Config\Paths))
12 SYSTEMPATH/Commands/Server/rewrite.php(49): require_once('/Users/thiagooliveira/eadtec/eadtec-cps/DSIII/agenda4/favorite-movies/public/index.php')
CRITICAL - 2024-07-07 20:53:42 --> [Caused by] CodeIgniter\Database\Exceptions\DatabaseException: Unknown column 'releaseYear' in 'field list'
in SYSTEMPATH/Database/MySQLi/Connection.php on line 313.
 1 SYSTEMPATH/Database/BaseConnection.php(721): CodeIgniter\Database\MySQLi\Connection->execute('INSERT INTO `films` (`releaseYear`)
VALUES (1994), (1991)')
 2 SYSTEMPATH/Database/BaseConnection.php(635): CodeIgniter\Database\BaseConnection->simpleQuery('INSERT INTO `films` (`releaseYear`)
VALUES (1994), (1991)')
 3 SYSTEMPATH/Database/BaseBuilder.php(1821): CodeIgniter\Database\BaseConnection->query('INSERT INTO `films` (`releaseYear`)
VALUES (1994), (1991)', null, false)
 4 SYSTEMPATH/Database/BaseBuilder.php(2210): CodeIgniter\Database\BaseBuilder->batchExecute('_insertBatch', 100)
 5 SYSTEMPATH/Model.php(416): CodeIgniter\Database\BaseBuilder->insertBatch([...], null, 100)
 6 SYSTEMPATH/BaseModel.php(957): CodeIgniter\Model->doInsertBatch([...], null, 100, false)
 7 APPPATH/Controllers/Filmes.php(62): CodeIgniter\BaseModel->insertBatch([...])
 8 SYSTEMPATH/CodeIgniter.php(933): App\Controllers\Filmes->index()
 9 SYSTEMPATH/CodeIgniter.php(509): CodeIgniter\CodeIgniter->runController(Object(App\Controllers\Filmes))
10 SYSTEMPATH/CodeIgniter.php(355): CodeIgniter\CodeIgniter->handleRequest(null, Object(Config\Cache), false)
11 SYSTEMPATH/Boot.php(312): CodeIgniter\CodeIgniter->run()
12 SYSTEMPATH/Boot.php(67): CodeIgniter\Boot::runCodeIgniter(Object(CodeIgniter\CodeIgniter))
13 FCPATH/index.php(56): CodeIgniter\Boot::bootWeb(Object(Config\Paths))
14 SYSTEMPATH/Commands/Server/rewrite.php(49): require_once('/Users/thiagooliveira/eadtec/eadtec-cps/DSIII/agenda4/favorite-movies/public/index.php')
CRITICAL - 2024-07-07 20:53:42 --> [Caused by] mysqli_sql_exception: Unknown column 'releaseYear' in 'field list'
in SYSTEMPATH/Database/MySQLi/Connection.php on line 308.
 1 SYSTEMPATH/Database/MySQLi/Connection.php(308): mysqli->query('INSERT INTO `films` (`releaseYear`)
VALUES (1994), (1991)', 0)
 2 SYSTEMPATH/Database/BaseConnection.php(721): CodeIgniter\Database\MySQLi\Connection->execute('INSERT INTO `films` (`releaseYear`)
VALUES (1994), (1991)')
 3 SYSTEMPATH/Database/BaseConnection.php(635): CodeIgniter\Database\BaseConnection->simpleQuery('INSERT INTO `films` (`releaseYear`)
VALUES (1994), (1991)')
 4 SYSTEMPATH/Database/BaseBuilder.php(1821): CodeIgniter\Database\BaseConnection->query('INSERT INTO `films` (`releaseYear`)
VALUES (1994), (1991)', null, false)
 5 SYSTEMPATH/Database/BaseBuilder.php(2210): CodeIgniter\Database\BaseBuilder->batchExecute('_insertBatch', 100)
 6 SYSTEMPATH/Model.php(416): CodeIgniter\Database\BaseBuilder->insertBatch([...], null, 100)
 7 SYSTEMPATH/BaseModel.php(957): CodeIgniter\Model->doInsertBatch([...], null, 100, false)
 8 APPPATH/Controllers/Filmes.php(62): CodeIgniter\BaseModel->insertBatch([...])
 9 SYSTEMPATH/CodeIgniter.php(933): App\Controllers\Filmes->index()
10 SYSTEMPATH/CodeIgniter.php(509): CodeIgniter\CodeIgniter->runController(Object(App\Controllers\Filmes))
11 SYSTEMPATH/CodeIgniter.php(355): CodeIgniter\CodeIgniter->handleRequest(null, Object(Config\Cache), false)
12 SYSTEMPATH/Boot.php(312): CodeIgniter\CodeIgniter->run()
13 SYSTEMPATH/Boot.php(67): CodeIgniter\Boot::runCodeIgniter(Object(CodeIgniter\CodeIgniter))
14 FCPATH/index.php(56): CodeIgniter\Boot::bootWeb(Object(Config\Paths))
15 SYSTEMPATH/Commands/Server/rewrite.php(49): require_once('/Users/thiagooliveira/eadtec/eadtec-cps/DSIII/agenda4/favorite-movies/public/index.php')
ERROR - 2024-07-07 20:53:43 --> mysqli_sql_exception: Unknown column 'releaseYear' in 'field list' in /Users/thiagooliveira/eadtec/eadtec-cps/DSIII/agenda4/favorite-movies/system/Database/MySQLi/Connection.php:308
Stack trace:
#0 /Users/thiagooliveira/eadtec/eadtec-cps/DSIII/agenda4/favorite-movies/system/Database/MySQLi/Connection.php(308): mysqli->query('INSERT INTO `fi...', 0)
#1 /Users/thiagooliveira/eadtec/eadtec-cps/DSIII/agenda4/favorite-movies/system/Database/BaseConnection.php(721): CodeIgniter\Database\MySQLi\Connection->execute('INSERT INTO `fi...')
#2 /Users/thiagooliveira/eadtec/eadtec-cps/DSIII/agenda4/favorite-movies/system/Database/BaseConnection.php(635): CodeIgniter\Database\BaseConnection->simpleQuery('INSERT INTO `fi...')
#3 /Users/thiagooliveira/eadtec/eadtec-cps/DSIII/agenda4/favorite-movies/system/Database/BaseBuilder.php(1821): CodeIgniter\Database\BaseConnection->query('INSERT INTO `fi...', NULL, false)
#4 /Users/thiagooliveira/eadtec/eadtec-cps/DSIII/agenda4/favorite-movies/system/Database/BaseBuilder.php(2210): CodeIgniter\Database\BaseBuilder->batchExecute('_insertBatch', 100)
#5 /Users/thiagooliveira/eadtec/eadtec-cps/DSIII/agenda4/favorite-movies/system/Model.php(416): CodeIgniter\Database\BaseBuilder->insertBatch(Array, NULL, 100)
#6 /Users/thiagooliveira/eadtec/eadtec-cps/DSIII/agenda4/favorite-movies/system/BaseModel.php(957): CodeIgniter\Model->doInsertBatch(Array, NULL, 100, false)
#7 /Users/thiagooliveira/eadtec/eadtec-cps/DSIII/agenda4/favorite-movies/app/Controllers/Filmes.php(62): CodeIgniter\BaseModel->insertBatch(Array)
#8 /Users/thiagooliveira/eadtec/eadtec-cps/DSIII/agenda4/favorite-movies/system/CodeIgniter.php(933): App\Controllers\Filmes->index()
#9 /Users/thiagooliveira/eadtec/eadtec-cps/DSIII/agenda4/favorite-movies/system/CodeIgniter.php(509): CodeIgniter\CodeIgniter->runController(Object(App\Controllers\Filmes))
#10 /Users/thiagooliveira/eadtec/eadtec-cps/DSIII/agenda4/favorite-movies/system/CodeIgniter.php(355): CodeIgniter\CodeIgniter->handleRequest(NULL, Object(Config\Cache), false)
#11 /Users/thiagooliveira/eadtec/eadtec-cps/DSIII/agenda4/favorite-movies/system/Boot.php(312): CodeIgniter\CodeIgniter->run()
#12 /Users/thiagooliveira/eadtec/eadtec-cps/DSIII/agenda4/favorite-movies/system/Boot.php(67): CodeIgniter\Boot::runCodeIgniter(Object(CodeIgniter\CodeIgniter))
#13 /Users/thiagooliveira/eadtec/eadtec-cps/DSIII/agenda4/favorite-movies/public/index.php(56): CodeIgniter\Boot::bootWeb(Object(Config\Paths))
#14 /Users/thiagooliveira/eadtec/eadtec-cps/DSIII/agenda4/favorite-movies/system/Commands/Server/rewrite.php(49): require_once('/Users/thiagool...')
#15 {main}
CRITICAL - 2024-07-07 20:53:43 --> CodeIgniter\Database\Exceptions\DatabaseException: Unknown column 'releaseYear' in 'field list'
[Method: GET, Route: /]
in SYSTEMPATH/Database/BaseConnection.php on line 675.
 1 SYSTEMPATH/Database/BaseBuilder.php(1821): CodeIgniter\Database\BaseConnection->query('INSERT INTO `films` (`releaseYear`)
VALUES (1994), (1991)', null, false)
 2 SYSTEMPATH/Database/BaseBuilder.php(2210): CodeIgniter\Database\BaseBuilder->batchExecute('_insertBatch', 100)
 3 SYSTEMPATH/Model.php(416): CodeIgniter\Database\BaseBuilder->insertBatch([...], null, 100)
 4 SYSTEMPATH/BaseModel.php(957): CodeIgniter\Model->doInsertBatch([...], null, 100, false)
 5 APPPATH/Controllers/Filmes.php(62): CodeIgniter\BaseModel->insertBatch([...])
 6 SYSTEMPATH/CodeIgniter.php(933): App\Controllers\Filmes->index()
 7 SYSTEMPATH/CodeIgniter.php(509): CodeIgniter\CodeIgniter->runController(Object(App\Controllers\Filmes))
 8 SYSTEMPATH/CodeIgniter.php(355): CodeIgniter\CodeIgniter->handleRequest(null, Object(Config\Cache), false)
 9 SYSTEMPATH/Boot.php(312): CodeIgniter\CodeIgniter->run()
10 SYSTEMPATH/Boot.php(67): CodeIgniter\Boot::runCodeIgniter(Object(CodeIgniter\CodeIgniter))
11 FCPATH/index.php(56): CodeIgniter\Boot::bootWeb(Object(Config\Paths))
12 SYSTEMPATH/Commands/Server/rewrite.php(49): require_once('/Users/thiagooliveira/eadtec/eadtec-cps/DSIII/agenda4/favorite-movies/public/index.php')
CRITICAL - 2024-07-07 20:53:43 --> [Caused by] CodeIgniter\Database\Exceptions\DatabaseException: Unknown column 'releaseYear' in 'field list'
in SYSTEMPATH/Database/MySQLi/Connection.php on line 313.
 1 SYSTEMPATH/Database/BaseConnection.php(721): CodeIgniter\Database\MySQLi\Connection->execute('INSERT INTO `films` (`releaseYear`)
VALUES (1994), (1991)')
 2 SYSTEMPATH/Database/BaseConnection.php(635): CodeIgniter\Database\BaseConnection->simpleQuery('INSERT INTO `films` (`releaseYear`)
VALUES (1994), (1991)')
 3 SYSTEMPATH/Database/BaseBuilder.php(1821): CodeIgniter\Database\BaseConnection->query('INSERT INTO `films` (`releaseYear`)
VALUES (1994), (1991)', null, false)
 4 SYSTEMPATH/Database/BaseBuilder.php(2210): CodeIgniter\Database\BaseBuilder->batchExecute('_insertBatch', 100)
 5 SYSTEMPATH/Model.php(416): CodeIgniter\Database\BaseBuilder->insertBatch([...], null, 100)
 6 SYSTEMPATH/BaseModel.php(957): CodeIgniter\Model->doInsertBatch([...], null, 100, false)
 7 APPPATH/Controllers/Filmes.php(62): CodeIgniter\BaseModel->insertBatch([...])
 8 SYSTEMPATH/CodeIgniter.php(933): App\Controllers\Filmes->index()
 9 SYSTEMPATH/CodeIgniter.php(509): CodeIgniter\CodeIgniter->runController(Object(App\Controllers\Filmes))
10 SYSTEMPATH/CodeIgniter.php(355): CodeIgniter\CodeIgniter->handleRequest(null, Object(Config\Cache), false)
11 SYSTEMPATH/Boot.php(312): CodeIgniter\CodeIgniter->run()
12 SYSTEMPATH/Boot.php(67): CodeIgniter\Boot::runCodeIgniter(Object(CodeIgniter\CodeIgniter))
13 FCPATH/index.php(56): CodeIgniter\Boot::bootWeb(Object(Config\Paths))
14 SYSTEMPATH/Commands/Server/rewrite.php(49): require_once('/Users/thiagooliveira/eadtec/eadtec-cps/DSIII/agenda4/favorite-movies/public/index.php')
CRITICAL - 2024-07-07 20:53:43 --> [Caused by] mysqli_sql_exception: Unknown column 'releaseYear' in 'field list'
in SYSTEMPATH/Database/MySQLi/Connection.php on line 308.
 1 SYSTEMPATH/Database/MySQLi/Connection.php(308): mysqli->query('INSERT INTO `films` (`releaseYear`)
VALUES (1994), (1991)', 0)
 2 SYSTEMPATH/Database/BaseConnection.php(721): CodeIgniter\Database\MySQLi\Connection->execute('INSERT INTO `films` (`releaseYear`)
VALUES (1994), (1991)')
 3 SYSTEMPATH/Database/BaseConnection.php(635): CodeIgniter\Database\BaseConnection->simpleQuery('INSERT INTO `films` (`releaseYear`)
VALUES (1994), (1991)')
 4 SYSTEMPATH/Database/BaseBuilder.php(1821): CodeIgniter\Database\BaseConnection->query('INSERT INTO `films` (`releaseYear`)
VALUES (1994), (1991)', null, false)
 5 SYSTEMPATH/Database/BaseBuilder.php(2210): CodeIgniter\Database\BaseBuilder->batchExecute('_insertBatch', 100)
 6 SYSTEMPATH/Model.php(416): CodeIgniter\Database\BaseBuilder->insertBatch([...], null, 100)
 7 SYSTEMPATH/BaseModel.php(957): CodeIgniter\Model->doInsertBatch([...], null, 100, false)
 8 APPPATH/Controllers/Filmes.php(62): CodeIgniter\BaseModel->insertBatch([...])
 9 SYSTEMPATH/CodeIgniter.php(933): App\Controllers\Filmes->index()
10 SYSTEMPATH/CodeIgniter.php(509): CodeIgniter\CodeIgniter->runController(Object(App\Controllers\Filmes))
11 SYSTEMPATH/CodeIgniter.php(355): CodeIgniter\CodeIgniter->handleRequest(null, Object(Config\Cache), false)
12 SYSTEMPATH/Boot.php(312): CodeIgniter\CodeIgniter->run()
13 SYSTEMPATH/Boot.php(67): CodeIgniter\Boot::runCodeIgniter(Object(CodeIgniter\CodeIgniter))
14 FCPATH/index.php(56): CodeIgniter\Boot::bootWeb(Object(Config\Paths))
15 SYSTEMPATH/Commands/Server/rewrite.php(49): require_once('/Users/thiagooliveira/eadtec/eadtec-cps/DSIII/agenda4/favorite-movies/public/index.php')
CRITICAL - 2024-07-07 20:56:15 --> ErrorException: Undefined array key "movieTitle"
[Method: GET, Route: filmes/]
in APPPATH/Views/filmes/movie_card.php on line 3.
 1 APPPATH/Views/filmes/movie_card.php(3): CodeIgniter\Debug\Exceptions->errorHandler(2, 'Undefined array key "movieTitle"', '/Users/thiagooliveira/eadtec/eadtec-cps/DSIII/agenda4/favorite-movies/app/Views/filmes/movie_card.php', 3)
 2 SYSTEMPATH/View/View.php(234): include('/Users/thiagooliveira/eadtec/eadtec-cps/DSIII/agenda4/favorite-movies/app/Views/filmes/movie_card.php')
 3 SYSTEMPATH/View/View.php(237): CodeIgniter\View\View->CodeIgniter\View\{closure}()
 4 SYSTEMPATH/Common.php(1171): CodeIgniter\View\View->render('filmes/movie_card', [], true)
 5 APPPATH/Views/filmes/home.php(7): view('filmes/movie_card', [...])
 6 SYSTEMPATH/View/View.php(234): include('/Users/thiagooliveira/eadtec/eadtec-cps/DSIII/agenda4/favorite-movies/app/Views/filmes/home.php')
 7 SYSTEMPATH/View/View.php(237): CodeIgniter\View\View->CodeIgniter\View\{closure}()
 8 SYSTEMPATH/Common.php(1171): CodeIgniter\View\View->render('filmes/home', [], true)
 9 APPPATH/Controllers/Filmes.php(73): view('filmes/home', [...])
10 SYSTEMPATH/CodeIgniter.php(933): App\Controllers\Filmes->index()
11 SYSTEMPATH/CodeIgniter.php(509): CodeIgniter\CodeIgniter->runController(Object(App\Controllers\Filmes))
12 SYSTEMPATH/CodeIgniter.php(355): CodeIgniter\CodeIgniter->handleRequest(null, Object(Config\Cache), false)
13 SYSTEMPATH/Boot.php(312): CodeIgniter\CodeIgniter->run()
14 SYSTEMPATH/Boot.php(67): CodeIgniter\Boot::runCodeIgniter(Object(CodeIgniter\CodeIgniter))
15 FCPATH/index.php(56): CodeIgniter\Boot::bootWeb(Object(Config\Paths))
16 SYSTEMPATH/Commands/Server/rewrite.php(49): require_once('/Users/thiagooliveira/eadtec/eadtec-cps/DSIII/agenda4/favorite-movies/public/index.php')
CRITICAL - 2024-07-07 20:56:49 --> TypeError: implode(): Argument #1 ($array) must be of type array, string given
[Method: GET, Route: filmes/]
in APPPATH/Views/filmes/movie_card.php on line 8.
 1 APPPATH/Views/filmes/movie_card.php(8): implode(', ', null)
 2 SYSTEMPATH/View/View.php(234): include('/Users/thiagooliveira/eadtec/eadtec-cps/DSIII/agenda4/favorite-movies/app/Views/filmes/movie_card.php')
 3 SYSTEMPATH/View/View.php(237): CodeIgniter\View\View->CodeIgniter\View\{closure}()
 4 SYSTEMPATH/Common.php(1171): CodeIgniter\View\View->render('filmes/movie_card', [], true)
 5 APPPATH/Views/filmes/home.php(7): view('filmes/movie_card', [...])
 6 SYSTEMPATH/View/View.php(234): include('/Users/thiagooliveira/eadtec/eadtec-cps/DSIII/agenda4/favorite-movies/app/Views/filmes/home.php')
 7 SYSTEMPATH/View/View.php(237): CodeIgniter\View\View->CodeIgniter\View\{closure}()
 8 SYSTEMPATH/Common.php(1171): CodeIgniter\View\View->render('filmes/home', [], true)
 9 APPPATH/Controllers/Filmes.php(73): view('filmes/home', [...])
10 SYSTEMPATH/CodeIgniter.php(933): App\Controllers\Filmes->index()
11 SYSTEMPATH/CodeIgniter.php(509): CodeIgniter\CodeIgniter->runController(Object(App\Controllers\Filmes))
12 SYSTEMPATH/CodeIgniter.php(355): CodeIgniter\CodeIgniter->handleRequest(null, Object(Config\Cache), false)
13 SYSTEMPATH/Boot.php(312): CodeIgniter\CodeIgniter->run()
14 SYSTEMPATH/Boot.php(67): CodeIgniter\Boot::runCodeIgniter(Object(CodeIgniter\CodeIgniter))
15 FCPATH/index.php(56): CodeIgniter\Boot::bootWeb(Object(Config\Paths))
16 SYSTEMPATH/Commands/Server/rewrite.php(49): require_once('/Users/thiagooliveira/eadtec/eadtec-cps/DSIII/agenda4/favorite-movies/public/index.php')
CRITICAL - 2024-07-07 20:59:11 --> TypeError: implode(): Argument #1 ($array) must be of type array, string given
[Method: GET, Route: filmes/]
in APPPATH/Views/filmes/movie_card.php on line 8.
 1 APPPATH/Views/filmes/movie_card.php(8): implode(', ', null)
 2 SYSTEMPATH/View/View.php(234): include('/Users/thiagooliveira/eadtec/eadtec-cps/DSIII/agenda4/favorite-movies/app/Views/filmes/movie_card.php')
 3 SYSTEMPATH/View/View.php(237): CodeIgniter\View\View->CodeIgniter\View\{closure}()
 4 SYSTEMPATH/Common.php(1171): CodeIgniter\View\View->render('filmes/movie_card', [], true)
 5 APPPATH/Views/filmes/home.php(7): view('filmes/movie_card', [...])
 6 SYSTEMPATH/View/View.php(234): include('/Users/thiagooliveira/eadtec/eadtec-cps/DSIII/agenda4/favorite-movies/app/Views/filmes/home.php')
 7 SYSTEMPATH/View/View.php(237): CodeIgniter\View\View->CodeIgniter\View\{closure}()
 8 SYSTEMPATH/Common.php(1171): CodeIgniter\View\View->render('filmes/home', [], true)
 9 APPPATH/Controllers/Filmes.php(89): view('filmes/home', [...])
10 SYSTEMPATH/CodeIgniter.php(933): App\Controllers\Filmes->index()
11 SYSTEMPATH/CodeIgniter.php(509): CodeIgniter\CodeIgniter->runController(Object(App\Controllers\Filmes))
12 SYSTEMPATH/CodeIgniter.php(355): CodeIgniter\CodeIgniter->handleRequest(null, Object(Config\Cache), false)
13 SYSTEMPATH/Boot.php(312): CodeIgniter\CodeIgniter->run()
14 SYSTEMPATH/Boot.php(67): CodeIgniter\Boot::runCodeIgniter(Object(CodeIgniter\CodeIgniter))
15 FCPATH/index.php(56): CodeIgniter\Boot::bootWeb(Object(Config\Paths))
16 SYSTEMPATH/Commands/Server/rewrite.php(49): require_once('/Users/thiagooliveira/eadtec/eadtec-cps/DSIII/agenda4/favorite-movies/public/index.php')
CRITICAL - 2024-07-07 20:59:13 --> TypeError: implode(): Argument #1 ($array) must be of type array, string given
[Method: GET, Route: filmes/]
in APPPATH/Views/filmes/movie_card.php on line 8.
 1 APPPATH/Views/filmes/movie_card.php(8): implode(', ', null)
 2 SYSTEMPATH/View/View.php(234): include('/Users/thiagooliveira/eadtec/eadtec-cps/DSIII/agenda4/favorite-movies/app/Views/filmes/movie_card.php')
 3 SYSTEMPATH/View/View.php(237): CodeIgniter\View\View->CodeIgniter\View\{closure}()
 4 SYSTEMPATH/Common.php(1171): CodeIgniter\View\View->render('filmes/movie_card', [], true)
 5 APPPATH/Views/filmes/home.php(7): view('filmes/movie_card', [...])
 6 SYSTEMPATH/View/View.php(234): include('/Users/thiagooliveira/eadtec/eadtec-cps/DSIII/agenda4/favorite-movies/app/Views/filmes/home.php')
 7 SYSTEMPATH/View/View.php(237): CodeIgniter\View\View->CodeIgniter\View\{closure}()
 8 SYSTEMPATH/Common.php(1171): CodeIgniter\View\View->render('filmes/home', [], true)
 9 APPPATH/Controllers/Filmes.php(89): view('filmes/home', [...])
10 SYSTEMPATH/CodeIgniter.php(933): App\Controllers\Filmes->index()
11 SYSTEMPATH/CodeIgniter.php(509): CodeIgniter\CodeIgniter->runController(Object(App\Controllers\Filmes))
12 SYSTEMPATH/CodeIgniter.php(355): CodeIgniter\CodeIgniter->handleRequest(null, Object(Config\Cache), false)
13 SYSTEMPATH/Boot.php(312): CodeIgniter\CodeIgniter->run()
14 SYSTEMPATH/Boot.php(67): CodeIgniter\Boot::runCodeIgniter(Object(CodeIgniter\CodeIgniter))
15 FCPATH/index.php(56): CodeIgniter\Boot::bootWeb(Object(Config\Paths))
16 SYSTEMPATH/Commands/Server/rewrite.php(49): require_once('/Users/thiagooliveira/eadtec/eadtec-cps/DSIII/agenda4/favorite-movies/public/index.php')
CRITICAL - 2024-07-07 20:59:15 --> TypeError: implode(): Argument #1 ($array) must be of type array, string given
[Method: GET, Route: /]
in APPPATH/Views/filmes/movie_card.php on line 8.
 1 APPPATH/Views/filmes/movie_card.php(8): implode(', ', null)
 2 SYSTEMPATH/View/View.php(234): include('/Users/thiagooliveira/eadtec/eadtec-cps/DSIII/agenda4/favorite-movies/app/Views/filmes/movie_card.php')
 3 SYSTEMPATH/View/View.php(237): CodeIgniter\View\View->CodeIgniter\View\{closure}()
 4 SYSTEMPATH/Common.php(1171): CodeIgniter\View\View->render('filmes/movie_card', [], true)
 5 APPPATH/Views/filmes/home.php(7): view('filmes/movie_card', [...])
 6 SYSTEMPATH/View/View.php(234): include('/Users/thiagooliveira/eadtec/eadtec-cps/DSIII/agenda4/favorite-movies/app/Views/filmes/home.php')
 7 SYSTEMPATH/View/View.php(237): CodeIgniter\View\View->CodeIgniter\View\{closure}()
 8 SYSTEMPATH/Common.php(1171): CodeIgniter\View\View->render('filmes/home', [], true)
 9 APPPATH/Controllers/Filmes.php(89): view('filmes/home', [...])
10 SYSTEMPATH/CodeIgniter.php(933): App\Controllers\Filmes->index()
11 SYSTEMPATH/CodeIgniter.php(509): CodeIgniter\CodeIgniter->runController(Object(App\Controllers\Filmes))
12 SYSTEMPATH/CodeIgniter.php(355): CodeIgniter\CodeIgniter->handleRequest(null, Object(Config\Cache), false)
13 SYSTEMPATH/Boot.php(312): CodeIgniter\CodeIgniter->run()
14 SYSTEMPATH/Boot.php(67): CodeIgniter\Boot::runCodeIgniter(Object(CodeIgniter\CodeIgniter))
15 FCPATH/index.php(56): CodeIgniter\Boot::bootWeb(Object(Config\Paths))
16 SYSTEMPATH/Commands/Server/rewrite.php(49): require_once('/Users/thiagooliveira/eadtec/eadtec-cps/DSIII/agenda4/favorite-movies/public/index.php')
WARNING - 2024-07-07 21:01:46 --> [DEPRECATED] explode(): Passing null to parameter #2 ($string) of type string is deprecated in APPPATH/Views/filmes/movie_card.php on line 3.
 1 APPPATH/Views/filmes/movie_card.php(3): explode(', ', null)
 2 SYSTEMPATH/View/View.php(234): include('/Users/thiagooliveira/eadtec/eadtec-cps/DSIII/agenda4/favorite-movies/app/Views/filmes/movie_card.php')
 3 SYSTEMPATH/View/View.php(237): CodeIgniter\View\View->CodeIgniter\View\{closure}()
 4 SYSTEMPATH/Common.php(1171): CodeIgniter\View\View->render('filmes/movie_card', [], true)
 5 APPPATH/Views/filmes/home.php(7): view('filmes/movie_card', [...])
 6 SYSTEMPATH/View/View.php(234): include('/Users/thiagooliveira/eadtec/eadtec-cps/DSIII/agenda4/favorite-movies/app/Views/filmes/home.php')
 7 SYSTEMPATH/View/View.php(237): CodeIgniter\View\View->CodeIgniter\View\{closure}()
 8 SYSTEMPATH/Common.php(1171): CodeIgniter\View\View->render('filmes/home', [], true)
 9 APPPATH/Controllers/Filmes.php(89): view('filmes/home', [...])
10 SYSTEMPATH/CodeIgniter.php(933): App\Controllers\Filmes->index()
11 SYSTEMPATH/CodeIgniter.php(509): CodeIgniter\CodeIgniter->runController(Object(App\Controllers\Filmes))
12 SYSTEMPATH/CodeIgniter.php(355): CodeIgniter\CodeIgniter->handleRequest(null, Object(Config\Cache), false)
13 SYSTEMPATH/Boot.php(312): CodeIgniter\CodeIgniter->run()
14 SYSTEMPATH/Boot.php(67): CodeIgniter\Boot::runCodeIgniter(Object(CodeIgniter\CodeIgniter))
15 FCPATH/index.php(56): CodeIgniter\Boot::bootWeb(Object(Config\Paths))
16 SYSTEMPATH/Commands/Server/rewrite.php(49): require_once('/Users/thiagooliveira/eadtec/eadtec-cps/DSIII/agenda4/favorite-movies/public/index.php')
CRITICAL - 2024-07-07 21:01:46 --> ErrorException: Undefined array key "rating"
[Method: GET, Route: /]
in APPPATH/Views/filmes/movie_card.php on line 13.
 1 APPPATH/Views/filmes/movie_card.php(13): CodeIgniter\Debug\Exceptions->errorHandler(2, 'Undefined array key "rating"', '/Users/thiagooliveira/eadtec/eadtec-cps/DSIII/agenda4/favorite-movies/app/Views/filmes/movie_card.php', 13)
 2 SYSTEMPATH/View/View.php(234): include('/Users/thiagooliveira/eadtec/eadtec-cps/DSIII/agenda4/favorite-movies/app/Views/filmes/movie_card.php')
 3 SYSTEMPATH/View/View.php(237): CodeIgniter\View\View->CodeIgniter\View\{closure}()
 4 SYSTEMPATH/Common.php(1171): CodeIgniter\View\View->render('filmes/movie_card', [], true)
 5 APPPATH/Views/filmes/home.php(7): view('filmes/movie_card', [...])
 6 SYSTEMPATH/View/View.php(234): include('/Users/thiagooliveira/eadtec/eadtec-cps/DSIII/agenda4/favorite-movies/app/Views/filmes/home.php')
 7 SYSTEMPATH/View/View.php(237): CodeIgniter\View\View->CodeIgniter\View\{closure}()
 8 SYSTEMPATH/Common.php(1171): CodeIgniter\View\View->render('filmes/home', [], true)
 9 APPPATH/Controllers/Filmes.php(89): view('filmes/home', [...])
10 SYSTEMPATH/CodeIgniter.php(933): App\Controllers\Filmes->index()
11 SYSTEMPATH/CodeIgniter.php(509): CodeIgniter\CodeIgniter->runController(Object(App\Controllers\Filmes))
12 SYSTEMPATH/CodeIgniter.php(355): CodeIgniter\CodeIgniter->handleRequest(null, Object(Config\Cache), false)
13 SYSTEMPATH/Boot.php(312): CodeIgniter\CodeIgniter->run()
14 SYSTEMPATH/Boot.php(67): CodeIgniter\Boot::runCodeIgniter(Object(CodeIgniter\CodeIgniter))
15 FCPATH/index.php(56): CodeIgniter\Boot::bootWeb(Object(Config\Paths))
16 SYSTEMPATH/Commands/Server/rewrite.php(49): require_once('/Users/thiagooliveira/eadtec/eadtec-cps/DSIII/agenda4/favorite-movies/public/index.php')
WARNING - 2024-07-07 21:02:07 --> [DEPRECATED] explode(): Passing null to parameter #2 ($string) of type string is deprecated in APPPATH/Views/filmes/movie_card.php on line 3.
 1 APPPATH/Views/filmes/movie_card.php(3): explode(', ', null)
 2 SYSTEMPATH/View/View.php(234): include('/Users/thiagooliveira/eadtec/eadtec-cps/DSIII/agenda4/favorite-movies/app/Views/filmes/movie_card.php')
 3 SYSTEMPATH/View/View.php(237): CodeIgniter\View\View->CodeIgniter\View\{closure}()
 4 SYSTEMPATH/Common.php(1171): CodeIgniter\View\View->render('filmes/movie_card', [], true)
 5 APPPATH/Views/filmes/home.php(7): view('filmes/movie_card', [...])
 6 SYSTEMPATH/View/View.php(234): include('/Users/thiagooliveira/eadtec/eadtec-cps/DSIII/agenda4/favorite-movies/app/Views/filmes/home.php')
 7 SYSTEMPATH/View/View.php(237): CodeIgniter\View\View->CodeIgniter\View\{closure}()
 8 SYSTEMPATH/Common.php(1171): CodeIgniter\View\View->render('filmes/home', [], true)
 9 APPPATH/Controllers/Filmes.php(89): view('filmes/home', [...])
10 SYSTEMPATH/CodeIgniter.php(933): App\Controllers\Filmes->index()
11 SYSTEMPATH/CodeIgniter.php(509): CodeIgniter\CodeIgniter->runController(Object(App\Controllers\Filmes))
12 SYSTEMPATH/CodeIgniter.php(355): CodeIgniter\CodeIgniter->handleRequest(null, Object(Config\Cache), false)
13 SYSTEMPATH/Boot.php(312): CodeIgniter\CodeIgniter->run()
14 SYSTEMPATH/Boot.php(67): CodeIgniter\Boot::runCodeIgniter(Object(CodeIgniter\CodeIgniter))
15 FCPATH/index.php(56): CodeIgniter\Boot::bootWeb(Object(Config\Paths))
16 SYSTEMPATH/Commands/Server/rewrite.php(49): require_once('/Users/thiagooliveira/eadtec/eadtec-cps/DSIII/agenda4/favorite-movies/public/index.php')
CRITICAL - 2024-07-07 21:02:07 --> ErrorException: Undefined array key "rating"
[Method: GET, Route: /]
in APPPATH/Views/filmes/movie_card.php on line 13.
 1 APPPATH/Views/filmes/movie_card.php(13): CodeIgniter\Debug\Exceptions->errorHandler(2, 'Undefined array key "rating"', '/Users/thiagooliveira/eadtec/eadtec-cps/DSIII/agenda4/favorite-movies/app/Views/filmes/movie_card.php', 13)
 2 SYSTEMPATH/View/View.php(234): include('/Users/thiagooliveira/eadtec/eadtec-cps/DSIII/agenda4/favorite-movies/app/Views/filmes/movie_card.php')
 3 SYSTEMPATH/View/View.php(237): CodeIgniter\View\View->CodeIgniter\View\{closure}()
 4 SYSTEMPATH/Common.php(1171): CodeIgniter\View\View->render('filmes/movie_card', [], true)
 5 APPPATH/Views/filmes/home.php(7): view('filmes/movie_card', [...])
 6 SYSTEMPATH/View/View.php(234): include('/Users/thiagooliveira/eadtec/eadtec-cps/DSIII/agenda4/favorite-movies/app/Views/filmes/home.php')
 7 SYSTEMPATH/View/View.php(237): CodeIgniter\View\View->CodeIgniter\View\{closure}()
 8 SYSTEMPATH/Common.php(1171): CodeIgniter\View\View->render('filmes/home', [], true)
 9 APPPATH/Controllers/Filmes.php(89): view('filmes/home', [...])
10 SYSTEMPATH/CodeIgniter.php(933): App\Controllers\Filmes->index()
11 SYSTEMPATH/CodeIgniter.php(509): CodeIgniter\CodeIgniter->runController(Object(App\Controllers\Filmes))
12 SYSTEMPATH/CodeIgniter.php(355): CodeIgniter\CodeIgniter->handleRequest(null, Object(Config\Cache), false)
13 SYSTEMPATH/Boot.php(312): CodeIgniter\CodeIgniter->run()
14 SYSTEMPATH/Boot.php(67): CodeIgniter\Boot::runCodeIgniter(Object(CodeIgniter\CodeIgniter))
15 FCPATH/index.php(56): CodeIgniter\Boot::bootWeb(Object(Config\Paths))
16 SYSTEMPATH/Commands/Server/rewrite.php(49): require_once('/Users/thiagooliveira/eadtec/eadtec-cps/DSIII/agenda4/favorite-movies/public/index.php')
WARNING - 2024-07-07 21:02:08 --> [DEPRECATED] explode(): Passing null to parameter #2 ($string) of type string is deprecated in APPPATH/Views/filmes/movie_card.php on line 3.
 1 APPPATH/Views/filmes/movie_card.php(3): explode(', ', null)
 2 SYSTEMPATH/View/View.php(234): include('/Users/thiagooliveira/eadtec/eadtec-cps/DSIII/agenda4/favorite-movies/app/Views/filmes/movie_card.php')
 3 SYSTEMPATH/View/View.php(237): CodeIgniter\View\View->CodeIgniter\View\{closure}()
 4 SYSTEMPATH/Common.php(1171): CodeIgniter\View\View->render('filmes/movie_card', [], true)
 5 APPPATH/Views/filmes/home.php(7): view('filmes/movie_card', [...])
 6 SYSTEMPATH/View/View.php(234): include('/Users/thiagooliveira/eadtec/eadtec-cps/DSIII/agenda4/favorite-movies/app/Views/filmes/home.php')
 7 SYSTEMPATH/View/View.php(237): CodeIgniter\View\View->CodeIgniter\View\{closure}()
 8 SYSTEMPATH/Common.php(1171): CodeIgniter\View\View->render('filmes/home', [], true)
 9 APPPATH/Controllers/Filmes.php(89): view('filmes/home', [...])
10 SYSTEMPATH/CodeIgniter.php(933): App\Controllers\Filmes->index()
11 SYSTEMPATH/CodeIgniter.php(509): CodeIgniter\CodeIgniter->runController(Object(App\Controllers\Filmes))
12 SYSTEMPATH/CodeIgniter.php(355): CodeIgniter\CodeIgniter->handleRequest(null, Object(Config\Cache), false)
13 SYSTEMPATH/Boot.php(312): CodeIgniter\CodeIgniter->run()
14 SYSTEMPATH/Boot.php(67): CodeIgniter\Boot::runCodeIgniter(Object(CodeIgniter\CodeIgniter))
15 FCPATH/index.php(56): CodeIgniter\Boot::bootWeb(Object(Config\Paths))
16 SYSTEMPATH/Commands/Server/rewrite.php(49): require_once('/Users/thiagooliveira/eadtec/eadtec-cps/DSIII/agenda4/favorite-movies/public/index.php')
CRITICAL - 2024-07-07 21:02:08 --> ErrorException: Undefined array key "rating"
[Method: GET, Route: /]
in APPPATH/Views/filmes/movie_card.php on line 13.
 1 APPPATH/Views/filmes/movie_card.php(13): CodeIgniter\Debug\Exceptions->errorHandler(2, 'Undefined array key "rating"', '/Users/thiagooliveira/eadtec/eadtec-cps/DSIII/agenda4/favorite-movies/app/Views/filmes/movie_card.php', 13)
 2 SYSTEMPATH/View/View.php(234): include('/Users/thiagooliveira/eadtec/eadtec-cps/DSIII/agenda4/favorite-movies/app/Views/filmes/movie_card.php')
 3 SYSTEMPATH/View/View.php(237): CodeIgniter\View\View->CodeIgniter\View\{closure}()
 4 SYSTEMPATH/Common.php(1171): CodeIgniter\View\View->render('filmes/movie_card', [], true)
 5 APPPATH/Views/filmes/home.php(7): view('filmes/movie_card', [...])
 6 SYSTEMPATH/View/View.php(234): include('/Users/thiagooliveira/eadtec/eadtec-cps/DSIII/agenda4/favorite-movies/app/Views/filmes/home.php')
 7 SYSTEMPATH/View/View.php(237): CodeIgniter\View\View->CodeIgniter\View\{closure}()
 8 SYSTEMPATH/Common.php(1171): CodeIgniter\View\View->render('filmes/home', [], true)
 9 APPPATH/Controllers/Filmes.php(89): view('filmes/home', [...])
10 SYSTEMPATH/CodeIgniter.php(933): App\Controllers\Filmes->index()
11 SYSTEMPATH/CodeIgniter.php(509): CodeIgniter\CodeIgniter->runController(Object(App\Controllers\Filmes))
12 SYSTEMPATH/CodeIgniter.php(355): CodeIgniter\CodeIgniter->handleRequest(null, Object(Config\Cache), false)
13 SYSTEMPATH/Boot.php(312): CodeIgniter\CodeIgniter->run()
14 SYSTEMPATH/Boot.php(67): CodeIgniter\Boot::runCodeIgniter(Object(CodeIgniter\CodeIgniter))
15 FCPATH/index.php(56): CodeIgniter\Boot::bootWeb(Object(Config\Paths))
16 SYSTEMPATH/Commands/Server/rewrite.php(49): require_once('/Users/thiagooliveira/eadtec/eadtec-cps/DSIII/agenda4/favorite-movies/public/index.php')
WARNING - 2024-07-07 21:02:10 --> [DEPRECATED] explode(): Passing null to parameter #2 ($string) of type string is deprecated in APPPATH/Views/filmes/movie_card.php on line 3.
 1 APPPATH/Views/filmes/movie_card.php(3): explode(', ', null)
 2 SYSTEMPATH/View/View.php(234): include('/Users/thiagooliveira/eadtec/eadtec-cps/DSIII/agenda4/favorite-movies/app/Views/filmes/movie_card.php')
 3 SYSTEMPATH/View/View.php(237): CodeIgniter\View\View->CodeIgniter\View\{closure}()
 4 SYSTEMPATH/Common.php(1171): CodeIgniter\View\View->render('filmes/movie_card', [], true)
 5 APPPATH/Views/filmes/home.php(7): view('filmes/movie_card', [...])
 6 SYSTEMPATH/View/View.php(234): include('/Users/thiagooliveira/eadtec/eadtec-cps/DSIII/agenda4/favorite-movies/app/Views/filmes/home.php')
 7 SYSTEMPATH/View/View.php(237): CodeIgniter\View\View->CodeIgniter\View\{closure}()
 8 SYSTEMPATH/Common.php(1171): CodeIgniter\View\View->render('filmes/home', [], true)
 9 APPPATH/Controllers/Filmes.php(89): view('filmes/home', [...])
10 SYSTEMPATH/CodeIgniter.php(933): App\Controllers\Filmes->index()
11 SYSTEMPATH/CodeIgniter.php(509): CodeIgniter\CodeIgniter->runController(Object(App\Controllers\Filmes))
12 SYSTEMPATH/CodeIgniter.php(355): CodeIgniter\CodeIgniter->handleRequest(null, Object(Config\Cache), false)
13 SYSTEMPATH/Boot.php(312): CodeIgniter\CodeIgniter->run()
14 SYSTEMPATH/Boot.php(67): CodeIgniter\Boot::runCodeIgniter(Object(CodeIgniter\CodeIgniter))
15 FCPATH/index.php(56): CodeIgniter\Boot::bootWeb(Object(Config\Paths))
16 SYSTEMPATH/Commands/Server/rewrite.php(49): require_once('/Users/thiagooliveira/eadtec/eadtec-cps/DSIII/agenda4/favorite-movies/public/index.php')
CRITICAL - 2024-07-07 21:02:10 --> ErrorException: Undefined array key "rating"
[Method: GET, Route: /]
in APPPATH/Views/filmes/movie_card.php on line 13.
 1 APPPATH/Views/filmes/movie_card.php(13): CodeIgniter\Debug\Exceptions->errorHandler(2, 'Undefined array key "rating"', '/Users/thiagooliveira/eadtec/eadtec-cps/DSIII/agenda4/favorite-movies/app/Views/filmes/movie_card.php', 13)
 2 SYSTEMPATH/View/View.php(234): include('/Users/thiagooliveira/eadtec/eadtec-cps/DSIII/agenda4/favorite-movies/app/Views/filmes/movie_card.php')
 3 SYSTEMPATH/View/View.php(237): CodeIgniter\View\View->CodeIgniter\View\{closure}()
 4 SYSTEMPATH/Common.php(1171): CodeIgniter\View\View->render('filmes/movie_card', [], true)
 5 APPPATH/Views/filmes/home.php(7): view('filmes/movie_card', [...])
 6 SYSTEMPATH/View/View.php(234): include('/Users/thiagooliveira/eadtec/eadtec-cps/DSIII/agenda4/favorite-movies/app/Views/filmes/home.php')
 7 SYSTEMPATH/View/View.php(237): CodeIgniter\View\View->CodeIgniter\View\{closure}()
 8 SYSTEMPATH/Common.php(1171): CodeIgniter\View\View->render('filmes/home', [], true)
 9 APPPATH/Controllers/Filmes.php(89): view('filmes/home', [...])
10 SYSTEMPATH/CodeIgniter.php(933): App\Controllers\Filmes->index()
11 SYSTEMPATH/CodeIgniter.php(509): CodeIgniter\CodeIgniter->runController(Object(App\Controllers\Filmes))
12 SYSTEMPATH/CodeIgniter.php(355): CodeIgniter\CodeIgniter->handleRequest(null, Object(Config\Cache), false)
13 SYSTEMPATH/Boot.php(312): CodeIgniter\CodeIgniter->run()
14 SYSTEMPATH/Boot.php(67): CodeIgniter\Boot::runCodeIgniter(Object(CodeIgniter\CodeIgniter))
15 FCPATH/index.php(56): CodeIgniter\Boot::bootWeb(Object(Config\Paths))
16 SYSTEMPATH/Commands/Server/rewrite.php(49): require_once('/Users/thiagooliveira/eadtec/eadtec-cps/DSIII/agenda4/favorite-movies/public/index.php')
WARNING - 2024-07-07 21:02:26 --> [DEPRECATED] explode(): Passing null to parameter #2 ($string) of type string is deprecated in APPPATH/Views/filmes/movie_card.php on line 3.
 1 APPPATH/Views/filmes/movie_card.php(3): explode(', ', null)
 2 SYSTEMPATH/View/View.php(234): include('/Users/thiagooliveira/eadtec/eadtec-cps/DSIII/agenda4/favorite-movies/app/Views/filmes/movie_card.php')
 3 SYSTEMPATH/View/View.php(237): CodeIgniter\View\View->CodeIgniter\View\{closure}()
 4 SYSTEMPATH/Common.php(1171): CodeIgniter\View\View->render('filmes/movie_card', [], true)
 5 APPPATH/Views/filmes/home.php(7): view('filmes/movie_card', [...])
 6 SYSTEMPATH/View/View.php(234): include('/Users/thiagooliveira/eadtec/eadtec-cps/DSIII/agenda4/favorite-movies/app/Views/filmes/home.php')
 7 SYSTEMPATH/View/View.php(237): CodeIgniter\View\View->CodeIgniter\View\{closure}()
 8 SYSTEMPATH/Common.php(1171): CodeIgniter\View\View->render('filmes/home', [], true)
 9 APPPATH/Controllers/Filmes.php(89): view('filmes/home', [...])
10 SYSTEMPATH/CodeIgniter.php(933): App\Controllers\Filmes->index()
11 SYSTEMPATH/CodeIgniter.php(509): CodeIgniter\CodeIgniter->runController(Object(App\Controllers\Filmes))
12 SYSTEMPATH/CodeIgniter.php(355): CodeIgniter\CodeIgniter->handleRequest(null, Object(Config\Cache), false)
13 SYSTEMPATH/Boot.php(312): CodeIgniter\CodeIgniter->run()
14 SYSTEMPATH/Boot.php(67): CodeIgniter\Boot::runCodeIgniter(Object(CodeIgniter\CodeIgniter))
15 FCPATH/index.php(56): CodeIgniter\Boot::bootWeb(Object(Config\Paths))
16 SYSTEMPATH/Commands/Server/rewrite.php(49): require_once('/Users/thiagooliveira/eadtec/eadtec-cps/DSIII/agenda4/favorite-movies/public/index.php')
WARNING - 2024-07-07 21:02:26 --> [DEPRECATED] explode(): Passing null to parameter #2 ($string) of type string is deprecated in APPPATH/Views/filmes/movie_card.php on line 3.
 1 APPPATH/Views/filmes/movie_card.php(3): explode(', ', null)
 2 SYSTEMPATH/View/View.php(234): include('/Users/thiagooliveira/eadtec/eadtec-cps/DSIII/agenda4/favorite-movies/app/Views/filmes/movie_card.php')
 3 SYSTEMPATH/View/View.php(237): CodeIgniter\View\View->CodeIgniter\View\{closure}()
 4 SYSTEMPATH/Common.php(1171): CodeIgniter\View\View->render('filmes/movie_card', [], true)
 5 APPPATH/Views/filmes/home.php(7): view('filmes/movie_card', [...])
 6 SYSTEMPATH/View/View.php(234): include('/Users/thiagooliveira/eadtec/eadtec-cps/DSIII/agenda4/favorite-movies/app/Views/filmes/home.php')
 7 SYSTEMPATH/View/View.php(237): CodeIgniter\View\View->CodeIgniter\View\{closure}()
 8 SYSTEMPATH/Common.php(1171): CodeIgniter\View\View->render('filmes/home', [], true)
 9 APPPATH/Controllers/Filmes.php(89): view('filmes/home', [...])
10 SYSTEMPATH/CodeIgniter.php(933): App\Controllers\Filmes->index()
11 SYSTEMPATH/CodeIgniter.php(509): CodeIgniter\CodeIgniter->runController(Object(App\Controllers\Filmes))
12 SYSTEMPATH/CodeIgniter.php(355): CodeIgniter\CodeIgniter->handleRequest(null, Object(Config\Cache), false)
13 SYSTEMPATH/Boot.php(312): CodeIgniter\CodeIgniter->run()
14 SYSTEMPATH/Boot.php(67): CodeIgniter\Boot::runCodeIgniter(Object(CodeIgniter\CodeIgniter))
15 FCPATH/index.php(56): CodeIgniter\Boot::bootWeb(Object(Config\Paths))
16 SYSTEMPATH/Commands/Server/rewrite.php(49): require_once('/Users/thiagooliveira/eadtec/eadtec-cps/DSIII/agenda4/favorite-movies/public/index.php')
CRITICAL - 2024-07-07 21:04:13 --> ErrorException: Array to string conversion
[Method: GET, Route: /]
in SYSTEMPATH/Database/BaseBuilder.php on line 2178.
 1 [internal function]: CodeIgniter\Debug\Exceptions->errorHandler(2, 'Array to string conversion', '/Users/thiagooliveira/eadtec/eadtec-cps/DSIII/agenda4/favorite-movies/system/Database/BaseBuilder.php', 2178)
 2 SYSTEMPATH/Database/BaseBuilder.php(2178): implode(',', [...])
 3 [internal function]: CodeIgniter\Database\BaseBuilder::CodeIgniter\Database\{closure}([...])
 4 SYSTEMPATH/Database/BaseBuilder.php(2178): array_map(Object(Closure), [...])
 5 SYSTEMPATH/Database/BaseBuilder.php(2237): CodeIgniter\Database\BaseBuilder->formatValues([...])
 6 SYSTEMPATH/Database/BaseBuilder.php(1812): CodeIgniter\Database\BaseBuilder->_insertBatch('`films`', [...], [...])
 7 SYSTEMPATH/Database/BaseBuilder.php(2210): CodeIgniter\Database\BaseBuilder->batchExecute('_insertBatch', 100)
 8 SYSTEMPATH/Model.php(416): CodeIgniter\Database\BaseBuilder->insertBatch([...], null, 100)
 9 SYSTEMPATH/BaseModel.php(957): CodeIgniter\Model->doInsertBatch([...], null, 100, false)
10 APPPATH/Controllers/Filmes.php(62): CodeIgniter\BaseModel->insertBatch([...])
11 SYSTEMPATH/CodeIgniter.php(933): App\Controllers\Filmes->index()
12 SYSTEMPATH/CodeIgniter.php(509): CodeIgniter\CodeIgniter->runController(Object(App\Controllers\Filmes))
13 SYSTEMPATH/CodeIgniter.php(355): CodeIgniter\CodeIgniter->handleRequest(null, Object(Config\Cache), false)
14 SYSTEMPATH/Boot.php(312): CodeIgniter\CodeIgniter->run()
15 SYSTEMPATH/Boot.php(67): CodeIgniter\Boot::runCodeIgniter(Object(CodeIgniter\CodeIgniter))
16 FCPATH/index.php(56): CodeIgniter\Boot::bootWeb(Object(Config\Paths))
17 SYSTEMPATH/Commands/Server/rewrite.php(49): require_once('/Users/thiagooliveira/eadtec/eadtec-cps/DSIII/agenda4/favorite-movies/public/index.php')
CRITICAL - 2024-07-07 21:04:34 --> ErrorException: Array to string conversion
[Method: GET, Route: /]
in SYSTEMPATH/Database/BaseBuilder.php on line 2178.
 1 [internal function]: CodeIgniter\Debug\Exceptions->errorHandler(2, 'Array to string conversion', '/Users/thiagooliveira/eadtec/eadtec-cps/DSIII/agenda4/favorite-movies/system/Database/BaseBuilder.php', 2178)
 2 SYSTEMPATH/Database/BaseBuilder.php(2178): implode(',', [...])
 3 [internal function]: CodeIgniter\Database\BaseBuilder::CodeIgniter\Database\{closure}([...])
 4 SYSTEMPATH/Database/BaseBuilder.php(2178): array_map(Object(Closure), [...])
 5 SYSTEMPATH/Database/BaseBuilder.php(2237): CodeIgniter\Database\BaseBuilder->formatValues([...])
 6 SYSTEMPATH/Database/BaseBuilder.php(1812): CodeIgniter\Database\BaseBuilder->_insertBatch('`films`', [...], [...])
 7 SYSTEMPATH/Database/BaseBuilder.php(2210): CodeIgniter\Database\BaseBuilder->batchExecute('_insertBatch', 100)
 8 SYSTEMPATH/Model.php(416): CodeIgniter\Database\BaseBuilder->insertBatch([...], null, 100)
 9 SYSTEMPATH/BaseModel.php(957): CodeIgniter\Model->doInsertBatch([...], null, 100, false)
10 APPPATH/Controllers/Filmes.php(62): CodeIgniter\BaseModel->insertBatch([...])
11 SYSTEMPATH/CodeIgniter.php(933): App\Controllers\Filmes->index()
12 SYSTEMPATH/CodeIgniter.php(509): CodeIgniter\CodeIgniter->runController(Object(App\Controllers\Filmes))
13 SYSTEMPATH/CodeIgniter.php(355): CodeIgniter\CodeIgniter->handleRequest(null, Object(Config\Cache), false)
14 SYSTEMPATH/Boot.php(312): CodeIgniter\CodeIgniter->run()
15 SYSTEMPATH/Boot.php(67): CodeIgniter\Boot::runCodeIgniter(Object(CodeIgniter\CodeIgniter))
16 FCPATH/index.php(56): CodeIgniter\Boot::bootWeb(Object(Config\Paths))
17 SYSTEMPATH/Commands/Server/rewrite.php(49): require_once('/Users/thiagooliveira/eadtec/eadtec-cps/DSIII/agenda4/favorite-movies/public/index.php')
CRITICAL - 2024-07-07 21:04:53 --> ErrorException: Array to string conversion
[Method: GET, Route: /]
in SYSTEMPATH/Database/BaseBuilder.php on line 2178.
 1 [internal function]: CodeIgniter\Debug\Exceptions->errorHandler(2, 'Array to string conversion', '/Users/thiagooliveira/eadtec/eadtec-cps/DSIII/agenda4/favorite-movies/system/Database/BaseBuilder.php', 2178)
 2 SYSTEMPATH/Database/BaseBuilder.php(2178): implode(',', [...])
 3 [internal function]: CodeIgniter\Database\BaseBuilder::CodeIgniter\Database\{closure}([...])
 4 SYSTEMPATH/Database/BaseBuilder.php(2178): array_map(Object(Closure), [...])
 5 SYSTEMPATH/Database/BaseBuilder.php(2237): CodeIgniter\Database\BaseBuilder->formatValues([...])
 6 SYSTEMPATH/Database/BaseBuilder.php(1812): CodeIgniter\Database\BaseBuilder->_insertBatch('`films`', [...], [...])
 7 SYSTEMPATH/Database/BaseBuilder.php(2210): CodeIgniter\Database\BaseBuilder->batchExecute('_insertBatch', 100)
 8 SYSTEMPATH/Model.php(416): CodeIgniter\Database\BaseBuilder->insertBatch([...], null, 100)
 9 SYSTEMPATH/BaseModel.php(957): CodeIgniter\Model->doInsertBatch([...], null, 100, false)
10 APPPATH/Controllers/Filmes.php(62): CodeIgniter\BaseModel->insertBatch([...])
11 SYSTEMPATH/CodeIgniter.php(933): App\Controllers\Filmes->index()
12 SYSTEMPATH/CodeIgniter.php(509): CodeIgniter\CodeIgniter->runController(Object(App\Controllers\Filmes))
13 SYSTEMPATH/CodeIgniter.php(355): CodeIgniter\CodeIgniter->handleRequest(null, Object(Config\Cache), false)
14 SYSTEMPATH/Boot.php(312): CodeIgniter\CodeIgniter->run()
15 SYSTEMPATH/Boot.php(67): CodeIgniter\Boot::runCodeIgniter(Object(CodeIgniter\CodeIgniter))
16 FCPATH/index.php(56): CodeIgniter\Boot::bootWeb(Object(Config\Paths))
17 SYSTEMPATH/Commands/Server/rewrite.php(49): require_once('/Users/thiagooliveira/eadtec/eadtec-cps/DSIII/agenda4/favorite-movies/public/index.php')
CRITICAL - 2024-07-07 21:04:54 --> ErrorException: Array to string conversion
[Method: GET, Route: /]
in SYSTEMPATH/Database/BaseBuilder.php on line 2178.
 1 [internal function]: CodeIgniter\Debug\Exceptions->errorHandler(2, 'Array to string conversion', '/Users/thiagooliveira/eadtec/eadtec-cps/DSIII/agenda4/favorite-movies/system/Database/BaseBuilder.php', 2178)
 2 SYSTEMPATH/Database/BaseBuilder.php(2178): implode(',', [...])
 3 [internal function]: CodeIgniter\Database\BaseBuilder::CodeIgniter\Database\{closure}([...])
 4 SYSTEMPATH/Database/BaseBuilder.php(2178): array_map(Object(Closure), [...])
 5 SYSTEMPATH/Database/BaseBuilder.php(2237): CodeIgniter\Database\BaseBuilder->formatValues([...])
 6 SYSTEMPATH/Database/BaseBuilder.php(1812): CodeIgniter\Database\BaseBuilder->_insertBatch('`films`', [...], [...])
 7 SYSTEMPATH/Database/BaseBuilder.php(2210): CodeIgniter\Database\BaseBuilder->batchExecute('_insertBatch', 100)
 8 SYSTEMPATH/Model.php(416): CodeIgniter\Database\BaseBuilder->insertBatch([...], null, 100)
 9 SYSTEMPATH/BaseModel.php(957): CodeIgniter\Model->doInsertBatch([...], null, 100, false)
10 APPPATH/Controllers/Filmes.php(62): CodeIgniter\BaseModel->insertBatch([...])
11 SYSTEMPATH/CodeIgniter.php(933): App\Controllers\Filmes->index()
12 SYSTEMPATH/CodeIgniter.php(509): CodeIgniter\CodeIgniter->runController(Object(App\Controllers\Filmes))
13 SYSTEMPATH/CodeIgniter.php(355): CodeIgniter\CodeIgniter->handleRequest(null, Object(Config\Cache), false)
14 SYSTEMPATH/Boot.php(312): CodeIgniter\CodeIgniter->run()
15 SYSTEMPATH/Boot.php(67): CodeIgniter\Boot::runCodeIgniter(Object(CodeIgniter\CodeIgniter))
16 FCPATH/index.php(56): CodeIgniter\Boot::bootWeb(Object(Config\Paths))
17 SYSTEMPATH/Commands/Server/rewrite.php(49): require_once('/Users/thiagooliveira/eadtec/eadtec-cps/DSIII/agenda4/favorite-movies/public/index.php')
CRITICAL - 2024-07-07 21:04:55 --> ErrorException: Array to string conversion
[Method: GET, Route: /]
in SYSTEMPATH/Database/BaseBuilder.php on line 2178.
 1 [internal function]: CodeIgniter\Debug\Exceptions->errorHandler(2, 'Array to string conversion', '/Users/thiagooliveira/eadtec/eadtec-cps/DSIII/agenda4/favorite-movies/system/Database/BaseBuilder.php', 2178)
 2 SYSTEMPATH/Database/BaseBuilder.php(2178): implode(',', [...])
 3 [internal function]: CodeIgniter\Database\BaseBuilder::CodeIgniter\Database\{closure}([...])
 4 SYSTEMPATH/Database/BaseBuilder.php(2178): array_map(Object(Closure), [...])
 5 SYSTEMPATH/Database/BaseBuilder.php(2237): CodeIgniter\Database\BaseBuilder->formatValues([...])
 6 SYSTEMPATH/Database/BaseBuilder.php(1812): CodeIgniter\Database\BaseBuilder->_insertBatch('`films`', [...], [...])
 7 SYSTEMPATH/Database/BaseBuilder.php(2210): CodeIgniter\Database\BaseBuilder->batchExecute('_insertBatch', 100)
 8 SYSTEMPATH/Model.php(416): CodeIgniter\Database\BaseBuilder->insertBatch([...], null, 100)
 9 SYSTEMPATH/BaseModel.php(957): CodeIgniter\Model->doInsertBatch([...], null, 100, false)
10 APPPATH/Controllers/Filmes.php(62): CodeIgniter\BaseModel->insertBatch([...])
11 SYSTEMPATH/CodeIgniter.php(933): App\Controllers\Filmes->index()
12 SYSTEMPATH/CodeIgniter.php(509): CodeIgniter\CodeIgniter->runController(Object(App\Controllers\Filmes))
13 SYSTEMPATH/CodeIgniter.php(355): CodeIgniter\CodeIgniter->handleRequest(null, Object(Config\Cache), false)
14 SYSTEMPATH/Boot.php(312): CodeIgniter\CodeIgniter->run()
15 SYSTEMPATH/Boot.php(67): CodeIgniter\Boot::runCodeIgniter(Object(CodeIgniter\CodeIgniter))
16 FCPATH/index.php(56): CodeIgniter\Boot::bootWeb(Object(Config\Paths))
17 SYSTEMPATH/Commands/Server/rewrite.php(49): require_once('/Users/thiagooliveira/eadtec/eadtec-cps/DSIII/agenda4/favorite-movies/public/index.php')
CRITICAL - 2024-07-07 21:04:55 --> ErrorException: Array to string conversion
[Method: GET, Route: /]
in SYSTEMPATH/Database/BaseBuilder.php on line 2178.
 1 [internal function]: CodeIgniter\Debug\Exceptions->errorHandler(2, 'Array to string conversion', '/Users/thiagooliveira/eadtec/eadtec-cps/DSIII/agenda4/favorite-movies/system/Database/BaseBuilder.php', 2178)
 2 SYSTEMPATH/Database/BaseBuilder.php(2178): implode(',', [...])
 3 [internal function]: CodeIgniter\Database\BaseBuilder::CodeIgniter\Database\{closure}([...])
 4 SYSTEMPATH/Database/BaseBuilder.php(2178): array_map(Object(Closure), [...])
 5 SYSTEMPATH/Database/BaseBuilder.php(2237): CodeIgniter\Database\BaseBuilder->formatValues([...])
 6 SYSTEMPATH/Database/BaseBuilder.php(1812): CodeIgniter\Database\BaseBuilder->_insertBatch('`films`', [...], [...])
 7 SYSTEMPATH/Database/BaseBuilder.php(2210): CodeIgniter\Database\BaseBuilder->batchExecute('_insertBatch', 100)
 8 SYSTEMPATH/Model.php(416): CodeIgniter\Database\BaseBuilder->insertBatch([...], null, 100)
 9 SYSTEMPATH/BaseModel.php(957): CodeIgniter\Model->doInsertBatch([...], null, 100, false)
10 APPPATH/Controllers/Filmes.php(62): CodeIgniter\BaseModel->insertBatch([...])
11 SYSTEMPATH/CodeIgniter.php(933): App\Controllers\Filmes->index()
12 SYSTEMPATH/CodeIgniter.php(509): CodeIgniter\CodeIgniter->runController(Object(App\Controllers\Filmes))
13 SYSTEMPATH/CodeIgniter.php(355): CodeIgniter\CodeIgniter->handleRequest(null, Object(Config\Cache), false)
14 SYSTEMPATH/Boot.php(312): CodeIgniter\CodeIgniter->run()
15 SYSTEMPATH/Boot.php(67): CodeIgniter\Boot::runCodeIgniter(Object(CodeIgniter\CodeIgniter))
16 FCPATH/index.php(56): CodeIgniter\Boot::bootWeb(Object(Config\Paths))
17 SYSTEMPATH/Commands/Server/rewrite.php(49): require_once('/Users/thiagooliveira/eadtec/eadtec-cps/DSIII/agenda4/favorite-movies/public/index.php')
CRITICAL - 2024-07-07 21:05:22 --> ErrorException: Array to string conversion
[Method: GET, Route: /]
in SYSTEMPATH/Database/BaseBuilder.php on line 2178.
 1 [internal function]: CodeIgniter\Debug\Exceptions->errorHandler(2, 'Array to string conversion', '/Users/thiagooliveira/eadtec/eadtec-cps/DSIII/agenda4/favorite-movies/system/Database/BaseBuilder.php', 2178)
 2 SYSTEMPATH/Database/BaseBuilder.php(2178): implode(',', [...])
 3 [internal function]: CodeIgniter\Database\BaseBuilder::CodeIgniter\Database\{closure}([...])
 4 SYSTEMPATH/Database/BaseBuilder.php(2178): array_map(Object(Closure), [...])
 5 SYSTEMPATH/Database/BaseBuilder.php(2237): CodeIgniter\Database\BaseBuilder->formatValues([...])
 6 SYSTEMPATH/Database/BaseBuilder.php(1812): CodeIgniter\Database\BaseBuilder->_insertBatch('`films`', [...], [...])
 7 SYSTEMPATH/Database/BaseBuilder.php(2210): CodeIgniter\Database\BaseBuilder->batchExecute('_insertBatch', 100)
 8 SYSTEMPATH/Model.php(416): CodeIgniter\Database\BaseBuilder->insertBatch([...], null, 100)
 9 SYSTEMPATH/BaseModel.php(957): CodeIgniter\Model->doInsertBatch([...], null, 100, false)
10 APPPATH/Controllers/Filmes.php(62): CodeIgniter\BaseModel->insertBatch([...])
11 SYSTEMPATH/CodeIgniter.php(933): App\Controllers\Filmes->index()
12 SYSTEMPATH/CodeIgniter.php(509): CodeIgniter\CodeIgniter->runController(Object(App\Controllers\Filmes))
13 SYSTEMPATH/CodeIgniter.php(355): CodeIgniter\CodeIgniter->handleRequest(null, Object(Config\Cache), false)
14 SYSTEMPATH/Boot.php(312): CodeIgniter\CodeIgniter->run()
15 SYSTEMPATH/Boot.php(67): CodeIgniter\Boot::runCodeIgniter(Object(CodeIgniter\CodeIgniter))
16 FCPATH/index.php(56): CodeIgniter\Boot::bootWeb(Object(Config\Paths))
17 SYSTEMPATH/Commands/Server/rewrite.php(49): require_once('/Users/thiagooliveira/eadtec/eadtec-cps/DSIII/agenda4/favorite-movies/public/index.php')
CRITICAL - 2024-07-07 21:05:23 --> ErrorException: Array to string conversion
[Method: GET, Route: /]
in SYSTEMPATH/Database/BaseBuilder.php on line 2178.
 1 [internal function]: CodeIgniter\Debug\Exceptions->errorHandler(2, 'Array to string conversion', '/Users/thiagooliveira/eadtec/eadtec-cps/DSIII/agenda4/favorite-movies/system/Database/BaseBuilder.php', 2178)
 2 SYSTEMPATH/Database/BaseBuilder.php(2178): implode(',', [...])
 3 [internal function]: CodeIgniter\Database\BaseBuilder::CodeIgniter\Database\{closure}([...])
 4 SYSTEMPATH/Database/BaseBuilder.php(2178): array_map(Object(Closure), [...])
 5 SYSTEMPATH/Database/BaseBuilder.php(2237): CodeIgniter\Database\BaseBuilder->formatValues([...])
 6 SYSTEMPATH/Database/BaseBuilder.php(1812): CodeIgniter\Database\BaseBuilder->_insertBatch('`films`', [...], [...])
 7 SYSTEMPATH/Database/BaseBuilder.php(2210): CodeIgniter\Database\BaseBuilder->batchExecute('_insertBatch', 100)
 8 SYSTEMPATH/Model.php(416): CodeIgniter\Database\BaseBuilder->insertBatch([...], null, 100)
 9 SYSTEMPATH/BaseModel.php(957): CodeIgniter\Model->doInsertBatch([...], null, 100, false)
10 APPPATH/Controllers/Filmes.php(62): CodeIgniter\BaseModel->insertBatch([...])
11 SYSTEMPATH/CodeIgniter.php(933): App\Controllers\Filmes->index()
12 SYSTEMPATH/CodeIgniter.php(509): CodeIgniter\CodeIgniter->runController(Object(App\Controllers\Filmes))
13 SYSTEMPATH/CodeIgniter.php(355): CodeIgniter\CodeIgniter->handleRequest(null, Object(Config\Cache), false)
14 SYSTEMPATH/Boot.php(312): CodeIgniter\CodeIgniter->run()
15 SYSTEMPATH/Boot.php(67): CodeIgniter\Boot::runCodeIgniter(Object(CodeIgniter\CodeIgniter))
16 FCPATH/index.php(56): CodeIgniter\Boot::bootWeb(Object(Config\Paths))
17 SYSTEMPATH/Commands/Server/rewrite.php(49): require_once('/Users/thiagooliveira/eadtec/eadtec-cps/DSIII/agenda4/favorite-movies/public/index.php')
CRITICAL - 2024-07-07 21:05:23 --> ErrorException: Array to string conversion
[Method: GET, Route: /]
in SYSTEMPATH/Database/BaseBuilder.php on line 2178.
 1 [internal function]: CodeIgniter\Debug\Exceptions->errorHandler(2, 'Array to string conversion', '/Users/thiagooliveira/eadtec/eadtec-cps/DSIII/agenda4/favorite-movies/system/Database/BaseBuilder.php', 2178)
 2 SYSTEMPATH/Database/BaseBuilder.php(2178): implode(',', [...])
 3 [internal function]: CodeIgniter\Database\BaseBuilder::CodeIgniter\Database\{closure}([...])
 4 SYSTEMPATH/Database/BaseBuilder.php(2178): array_map(Object(Closure), [...])
 5 SYSTEMPATH/Database/BaseBuilder.php(2237): CodeIgniter\Database\BaseBuilder->formatValues([...])
 6 SYSTEMPATH/Database/BaseBuilder.php(1812): CodeIgniter\Database\BaseBuilder->_insertBatch('`films`', [...], [...])
 7 SYSTEMPATH/Database/BaseBuilder.php(2210): CodeIgniter\Database\BaseBuilder->batchExecute('_insertBatch', 100)
 8 SYSTEMPATH/Model.php(416): CodeIgniter\Database\BaseBuilder->insertBatch([...], null, 100)
 9 SYSTEMPATH/BaseModel.php(957): CodeIgniter\Model->doInsertBatch([...], null, 100, false)
10 APPPATH/Controllers/Filmes.php(62): CodeIgniter\BaseModel->insertBatch([...])
11 SYSTEMPATH/CodeIgniter.php(933): App\Controllers\Filmes->index()
12 SYSTEMPATH/CodeIgniter.php(509): CodeIgniter\CodeIgniter->runController(Object(App\Controllers\Filmes))
13 SYSTEMPATH/CodeIgniter.php(355): CodeIgniter\CodeIgniter->handleRequest(null, Object(Config\Cache), false)
14 SYSTEMPATH/Boot.php(312): CodeIgniter\CodeIgniter->run()
15 SYSTEMPATH/Boot.php(67): CodeIgniter\Boot::runCodeIgniter(Object(CodeIgniter\CodeIgniter))
16 FCPATH/index.php(56): CodeIgniter\Boot::bootWeb(Object(Config\Paths))
17 SYSTEMPATH/Commands/Server/rewrite.php(49): require_once('/Users/thiagooliveira/eadtec/eadtec-cps/DSIII/agenda4/favorite-movies/public/index.php')
CRITICAL - 2024-07-07 21:05:23 --> ErrorException: Array to string conversion
[Method: GET, Route: /]
in SYSTEMPATH/Database/BaseBuilder.php on line 2178.
 1 [internal function]: CodeIgniter\Debug\Exceptions->errorHandler(2, 'Array to string conversion', '/Users/thiagooliveira/eadtec/eadtec-cps/DSIII/agenda4/favorite-movies/system/Database/BaseBuilder.php', 2178)
 2 SYSTEMPATH/Database/BaseBuilder.php(2178): implode(',', [...])
 3 [internal function]: CodeIgniter\Database\BaseBuilder::CodeIgniter\Database\{closure}([...])
 4 SYSTEMPATH/Database/BaseBuilder.php(2178): array_map(Object(Closure), [...])
 5 SYSTEMPATH/Database/BaseBuilder.php(2237): CodeIgniter\Database\BaseBuilder->formatValues([...])
 6 SYSTEMPATH/Database/BaseBuilder.php(1812): CodeIgniter\Database\BaseBuilder->_insertBatch('`films`', [...], [...])
 7 SYSTEMPATH/Database/BaseBuilder.php(2210): CodeIgniter\Database\BaseBuilder->batchExecute('_insertBatch', 100)
 8 SYSTEMPATH/Model.php(416): CodeIgniter\Database\BaseBuilder->insertBatch([...], null, 100)
 9 SYSTEMPATH/BaseModel.php(957): CodeIgniter\Model->doInsertBatch([...], null, 100, false)
10 APPPATH/Controllers/Filmes.php(62): CodeIgniter\BaseModel->insertBatch([...])
11 SYSTEMPATH/CodeIgniter.php(933): App\Controllers\Filmes->index()
12 SYSTEMPATH/CodeIgniter.php(509): CodeIgniter\CodeIgniter->runController(Object(App\Controllers\Filmes))
13 SYSTEMPATH/CodeIgniter.php(355): CodeIgniter\CodeIgniter->handleRequest(null, Object(Config\Cache), false)
14 SYSTEMPATH/Boot.php(312): CodeIgniter\CodeIgniter->run()
15 SYSTEMPATH/Boot.php(67): CodeIgniter\Boot::runCodeIgniter(Object(CodeIgniter\CodeIgniter))
16 FCPATH/index.php(56): CodeIgniter\Boot::bootWeb(Object(Config\Paths))
17 SYSTEMPATH/Commands/Server/rewrite.php(49): require_once('/Users/thiagooliveira/eadtec/eadtec-cps/DSIII/agenda4/favorite-movies/public/index.php')
CRITICAL - 2024-07-07 21:05:24 --> ErrorException: Array to string conversion
[Method: GET, Route: /]
in SYSTEMPATH/Database/BaseBuilder.php on line 2178.
 1 [internal function]: CodeIgniter\Debug\Exceptions->errorHandler(2, 'Array to string conversion', '/Users/thiagooliveira/eadtec/eadtec-cps/DSIII/agenda4/favorite-movies/system/Database/BaseBuilder.php', 2178)
 2 SYSTEMPATH/Database/BaseBuilder.php(2178): implode(',', [...])
 3 [internal function]: CodeIgniter\Database\BaseBuilder::CodeIgniter\Database\{closure}([...])
 4 SYSTEMPATH/Database/BaseBuilder.php(2178): array_map(Object(Closure), [...])
 5 SYSTEMPATH/Database/BaseBuilder.php(2237): CodeIgniter\Database\BaseBuilder->formatValues([...])
 6 SYSTEMPATH/Database/BaseBuilder.php(1812): CodeIgniter\Database\BaseBuilder->_insertBatch('`films`', [...], [...])
 7 SYSTEMPATH/Database/BaseBuilder.php(2210): CodeIgniter\Database\BaseBuilder->batchExecute('_insertBatch', 100)
 8 SYSTEMPATH/Model.php(416): CodeIgniter\Database\BaseBuilder->insertBatch([...], null, 100)
 9 SYSTEMPATH/BaseModel.php(957): CodeIgniter\Model->doInsertBatch([...], null, 100, false)
10 APPPATH/Controllers/Filmes.php(62): CodeIgniter\BaseModel->insertBatch([...])
11 SYSTEMPATH/CodeIgniter.php(933): App\Controllers\Filmes->index()
12 SYSTEMPATH/CodeIgniter.php(509): CodeIgniter\CodeIgniter->runController(Object(App\Controllers\Filmes))
13 SYSTEMPATH/CodeIgniter.php(355): CodeIgniter\CodeIgniter->handleRequest(null, Object(Config\Cache), false)
14 SYSTEMPATH/Boot.php(312): CodeIgniter\CodeIgniter->run()
15 SYSTEMPATH/Boot.php(67): CodeIgniter\Boot::runCodeIgniter(Object(CodeIgniter\CodeIgniter))
16 FCPATH/index.php(56): CodeIgniter\Boot::bootWeb(Object(Config\Paths))
17 SYSTEMPATH/Commands/Server/rewrite.php(49): require_once('/Users/thiagooliveira/eadtec/eadtec-cps/DSIII/agenda4/favorite-movies/public/index.php')
CRITICAL - 2024-07-07 21:05:34 --> ErrorException: Array to string conversion
[Method: GET, Route: /]
in SYSTEMPATH/Database/BaseBuilder.php on line 2178.
 1 [internal function]: CodeIgniter\Debug\Exceptions->errorHandler(2, 'Array to string conversion', '/Users/thiagooliveira/eadtec/eadtec-cps/DSIII/agenda4/favorite-movies/system/Database/BaseBuilder.php', 2178)
 2 SYSTEMPATH/Database/BaseBuilder.php(2178): implode(',', [...])
 3 [internal function]: CodeIgniter\Database\BaseBuilder::CodeIgniter\Database\{closure}([...])
 4 SYSTEMPATH/Database/BaseBuilder.php(2178): array_map(Object(Closure), [...])
 5 SYSTEMPATH/Database/BaseBuilder.php(2237): CodeIgniter\Database\BaseBuilder->formatValues([...])
 6 SYSTEMPATH/Database/BaseBuilder.php(1812): CodeIgniter\Database\BaseBuilder->_insertBatch('`films`', [...], [...])
 7 SYSTEMPATH/Database/BaseBuilder.php(2210): CodeIgniter\Database\BaseBuilder->batchExecute('_insertBatch', 100)
 8 SYSTEMPATH/Model.php(416): CodeIgniter\Database\BaseBuilder->insertBatch([...], null, 100)
 9 SYSTEMPATH/BaseModel.php(957): CodeIgniter\Model->doInsertBatch([...], null, 100, false)
10 APPPATH/Controllers/Filmes.php(62): CodeIgniter\BaseModel->insertBatch([...])
11 SYSTEMPATH/CodeIgniter.php(933): App\Controllers\Filmes->index()
12 SYSTEMPATH/CodeIgniter.php(509): CodeIgniter\CodeIgniter->runController(Object(App\Controllers\Filmes))
13 SYSTEMPATH/CodeIgniter.php(355): CodeIgniter\CodeIgniter->handleRequest(null, Object(Config\Cache), false)
14 SYSTEMPATH/Boot.php(312): CodeIgniter\CodeIgniter->run()
15 SYSTEMPATH/Boot.php(67): CodeIgniter\Boot::runCodeIgniter(Object(CodeIgniter\CodeIgniter))
16 FCPATH/index.php(56): CodeIgniter\Boot::bootWeb(Object(Config\Paths))
17 SYSTEMPATH/Commands/Server/rewrite.php(49): require_once('/Users/thiagooliveira/eadtec/eadtec-cps/DSIII/agenda4/favorite-movies/public/index.php')
CRITICAL - 2024-07-07 23:41:12 --> ErrorException: Namespace declaration statement has to be the very first statement or after any declare call in the script
[Method: GET, Route: /]
in APPPATH/Controllers/Filmes.php on line 3.
 1 [internal function]: CodeIgniter\Debug\Exceptions->shutdownHandler()
CRITICAL - 2024-07-07 23:41:29 --> ErrorException: Namespace declaration statement has to be the very first statement or after any declare call in the script
[Method: GET, Route: /]
in APPPATH/Controllers/Filmes.php on line 3.
 1 [internal function]: CodeIgniter\Debug\Exceptions->shutdownHandler()
CRITICAL - 2024-07-07 23:42:03 --> ErrorException: Namespace declaration statement has to be the very first statement or after any declare call in the script
[Method: GET, Route: /]
in APPPATH/Controllers/Filmes.php on line 3.
 1 [internal function]: CodeIgniter\Debug\Exceptions->shutdownHandler()
