CRITICAL - 2024-05-11 20:03:36 --> ParseError: syntax error, unexpected token "}", expecting "," or ";"
[Method: GET, Route: filmes]
in APPPATH/Controllers/Filmes.php on line 13.
 1 SYSTEMPATH/Router/Router.php(562): CodeIgniter\Router\AutoRouter->getRoute('filmes', 'GET')
 2 SYSTEMPATH/Router/Router.php(227): CodeIgniter\Router\Router->autoRoute('filmes')
 3 SYSTEMPATH/CodeIgniter.php(834): CodeIgniter\Router\Router->handle('filmes')
 4 SYSTEMPATH/CodeIgniter.php(457): CodeIgniter\CodeIgniter->tryToRouteIt(Object(CodeIgniter\Router\RouteCollection))
 5 SYSTEMPATH/CodeIgniter.php(355): CodeIgniter\CodeIgniter->handleRequest(null, Object(Config\Cache), false)
 6 SYSTEMPATH/Boot.php(312): CodeIgniter\CodeIgniter->run()
 7 SYSTEMPATH/Boot.php(67): CodeIgniter\Boot::runCodeIgniter(Object(CodeIgniter\CodeIgniter))
 8 FCPATH/index.php(56): CodeIgniter\Boot::bootWeb(Object(Config\Paths))
 9 SYSTEMPATH/Commands/Server/rewrite.php(49): require_once('/Users/thiagooliveira/eadtec/eadtec-cps/DSIII/agenda3/favorite-movies/public/index.php')
CRITICAL - 2024-05-11 20:30:41 --> CodeIgniter\View\Exceptions\ViewException: Invalid file: "lancamentos.php"
[Method: GET, Route: filmes/lancamentos]
in SYSTEMPATH/Exceptions/FrameworkException.php on line 41.
 1 SYSTEMPATH/View/View.php(222): CodeIgniter\Exceptions\FrameworkException::forInvalidFile('lancamentos.php')
 2 SYSTEMPATH/Common.php(1171): CodeIgniter\View\View->render('lancamentos', [], true)
 3 APPPATH/Controllers/Filmes.php(17): view('lancamentos')
 4 SYSTEMPATH/CodeIgniter.php(933): App\Controllers\Filmes->lancamentos()
 5 SYSTEMPATH/CodeIgniter.php(509): CodeIgniter\CodeIgniter->runController(Object(App\Controllers\Filmes))
 6 SYSTEMPATH/CodeIgniter.php(355): CodeIgniter\CodeIgniter->handleRequest(null, Object(Config\Cache), false)
 7 SYSTEMPATH/Boot.php(312): CodeIgniter\CodeIgniter->run()
 8 SYSTEMPATH/Boot.php(67): CodeIgniter\Boot::runCodeIgniter(Object(CodeIgniter\CodeIgniter))
 9 FCPATH/index.php(56): CodeIgniter\Boot::bootWeb(Object(Config\Paths))
10 SYSTEMPATH/Commands/Server/rewrite.php(49): require_once('/Users/thiagooliveira/eadtec/eadtec-cps/DSIII/agenda3/favorite-movies/public/index.php')
CRITICAL - 2024-05-11 20:52:37 --> CodeIgniter\View\Exceptions\ViewException: Invalid file: "movie_card.php"
[Method: GET, Route: /]
in SYSTEMPATH/Exceptions/FrameworkException.php on line 41.
 1 SYSTEMPATH/View/View.php(222): CodeIgniter\Exceptions\FrameworkException::forInvalidFile('movie_card.php')
 2 SYSTEMPATH/Common.php(1171): CodeIgniter\View\View->render('movie_card', [], true)
 3 APPPATH/Views/filmes/home.php(7): view('movie_card', [...])
 4 SYSTEMPATH/View/View.php(234): include('/Users/thiagooliveira/eadtec/eadtec-cps/DSIII/agenda3/favorite-movies/app/Views/filmes/home.php')
 5 SYSTEMPATH/View/View.php(237): CodeIgniter\View\View->CodeIgniter\View\{closure}()
 6 SYSTEMPATH/Common.php(1171): CodeIgniter\View\View->render('filmes/home', [], true)
 7 APPPATH/Controllers/Filmes.php(52): view('filmes/home', [...])
 8 SYSTEMPATH/CodeIgniter.php(933): App\Controllers\Filmes->index()
 9 SYSTEMPATH/CodeIgniter.php(509): CodeIgniter\CodeIgniter->runController(Object(App\Controllers\Filmes))
10 SYSTEMPATH/CodeIgniter.php(355): CodeIgniter\CodeIgniter->handleRequest(null, Object(Config\Cache), false)
11 SYSTEMPATH/Boot.php(312): CodeIgniter\CodeIgniter->run()
12 SYSTEMPATH/Boot.php(67): CodeIgniter\Boot::runCodeIgniter(Object(CodeIgniter\CodeIgniter))
13 FCPATH/index.php(56): CodeIgniter\Boot::bootWeb(Object(Config\Paths))
14 SYSTEMPATH/Commands/Server/rewrite.php(49): require_once('/Users/thiagooliveira/eadtec/eadtec-cps/DSIII/agenda3/favorite-movies/public/index.php')
